#
# There is insufficient memory for the Java Runtime Environment to continue.
# Native memory allocation (mmap) failed to map 9437184 bytes for G1 virtual space
# Possible reasons:
#   The system is out of physical RAM or swap space
#   The process is running with CompressedOops enabled, and the Java Heap may be blocking the growth of the native heap
# Possible solutions:
#   Reduce memory load on the system
#   Increase physical memory or swap space
#   Check if swap backing store is full
#   Decrease Java heap size (-Xmx/-Xms)
#   Decrease number of Java threads
#   Decrease Java thread stack sizes (-Xss)
#   Set larger code cache with -XX:ReservedCodeCacheSize=
#   JVM is running with Unscaled Compressed Oops mode in which the Java heap is
#     placed in the first 4GB address space. The Java Heap base address is the
#     maximum limit for the native heap growth. Please use -XX:HeapBaseMinAddress
#     to set the Java Heap base and to place the Java Heap above 4GB virtual address.
# This output file may be truncated or incomplete.
#
#  Out of Memory Error (os_windows.cpp:3469), pid=17012, tid=4796
#
# JRE version: OpenJDK Runtime Environment (17.0.1+12) (build 17.0.1+12-39)
# Java VM: OpenJDK 64-Bit Server VM (17.0.1+12-39, mixed mode, sharing, tiered, compressed oops, compressed class ptrs, g1 gc, windows-amd64)
# No core dump will be written. Minidumps are not enabled by default on client versions of Windows
#

---------------  S U M M A R Y ------------

Command Line: -Dfile.encoding=UTF-8 --module-path=C:\Users\Zenia Banerjee\Documents\NetBeansProjects\ATM\build\classes atm.Transaction

Host: AMD Ryzen 5 3500U with Radeon Vega Mobile Gfx  , 8 cores, 5G,  Windows 10 , 64 bit Build 22000 (10.0.22000.613)
Time: Tue May 10 17:45:40 2022 India Standard Time elapsed time: 1560.553399 seconds (0d 0h 26m 0s)

---------------  T H R E A D  ---------------

Current thread (0x0000020d96d900f0):  VMThread "VM Thread" [stack: 0x000000d9c0a00000,0x000000d9c0b00000] [id=4796]

Stack: [0x000000d9c0a00000,0x000000d9c0b00000]
Native frames: (J=compiled Java code, j=interpreted, Vv=VM code, C=native code)
V  [jvm.dll+0x66fa1a]
V  [jvm.dll+0x7ce5a4]
V  [jvm.dll+0x7cfd4e]
V  [jvm.dll+0x7d03b3]
V  [jvm.dll+0x242b05]
V  [jvm.dll+0x66ca39]
V  [jvm.dll+0x661502]
V  [jvm.dll+0x30081b]
V  [jvm.dll+0x307da6]
V  [jvm.dll+0x357a1e]
V  [jvm.dll+0x357c4f]
V  [jvm.dll+0x2d7ad8]
V  [jvm.dll+0x2dab56]
V  [jvm.dll+0x2e5198]
V  [jvm.dll+0x318f20]
V  [jvm.dll+0x7d484b]
V  [jvm.dll+0x7d5584]
V  [jvm.dll+0x7d5a9c]
V  [jvm.dll+0x7d5e74]
V  [jvm.dll+0x7d5f40]
V  [jvm.dll+0x77e91a]
V  [jvm.dll+0x66e845]
C  [ucrtbase.dll+0x26c0c]
C  [KERNEL32.DLL+0x154e0]
C  [ntdll.dll+0x485b]

VM_Operation (0x000000d9c06ffad0): G1Concurrent, mode: safepoint, requested by thread 0x0000020dfa0428b0


---------------  P R O C E S S  ---------------

Threads class SMR info:
_java_thread_list=0x0000020d9ca0ec70, length=17, elements={
0x0000020d96d93ff0, 0x0000020d96d94d70, 0x0000020d96daac70, 0x0000020d96dab530,
0x0000020d96dabdf0, 0x0000020d96dad6c0, 0x0000020d96dae2b0, 0x0000020d96dbb0d0,
0x0000020d96ddddf0, 0x0000020d97855860, 0x0000020d9790a100, 0x0000020d97adab50,
0x0000020d97ae0a70, 0x0000020d9c832070, 0x0000020d97adef30, 0x0000020df9ffe150,
0x0000020d9c9cc970
}

Java Threads: ( => current thread )
  0x0000020d96d93ff0 JavaThread "Reference Handler" daemon [_thread_blocked, id=1864, stack(0x000000d9c0b00000,0x000000d9c0c00000)]
  0x0000020d96d94d70 JavaThread "Finalizer" daemon [_thread_blocked, id=13088, stack(0x000000d9c0c00000,0x000000d9c0d00000)]
  0x0000020d96daac70 JavaThread "Signal Dispatcher" daemon [_thread_blocked, id=14872, stack(0x000000d9c0d00000,0x000000d9c0e00000)]
  0x0000020d96dab530 JavaThread "Attach Listener" daemon [_thread_blocked, id=2448, stack(0x000000d9c0e00000,0x000000d9c0f00000)]
  0x0000020d96dabdf0 JavaThread "Service Thread" daemon [_thread_blocked, id=16776, stack(0x000000d9c0f00000,0x000000d9c1000000)]
  0x0000020d96dad6c0 JavaThread "Monitor Deflation Thread" daemon [_thread_blocked, id=16980, stack(0x000000d9c1000000,0x000000d9c1100000)]
  0x0000020d96dae2b0 JavaThread "C2 CompilerThread0" daemon [_thread_blocked, id=16784, stack(0x000000d9c1100000,0x000000d9c1200000)]
  0x0000020d96dbb0d0 JavaThread "C1 CompilerThread0" daemon [_thread_blocked, id=10780, stack(0x000000d9c1200000,0x000000d9c1300000)]
  0x0000020d96ddddf0 JavaThread "Sweeper thread" daemon [_thread_blocked, id=3856, stack(0x000000d9c1300000,0x000000d9c1400000)]
  0x0000020d97855860 JavaThread "Common-Cleaner" daemon [_thread_blocked, id=2680, stack(0x000000d9c1400000,0x000000d9c1500000)]
  0x0000020d9790a100 JavaThread "Notification Thread" daemon [_thread_blocked, id=16972, stack(0x000000d9c1600000,0x000000d9c1700000)]
  0x0000020d97adab50 JavaThread "Java2D Disposer" daemon [_thread_blocked, id=10488, stack(0x000000d9c1800000,0x000000d9c1900000)]
  0x0000020d97ae0a70 JavaThread "AWT-Windows" daemon [_thread_blocked, id=1792, stack(0x000000d9c1a00000,0x000000d9c1b00000)]
  0x0000020d9c832070 JavaThread "AWT-Shutdown" [_thread_blocked, id=5588, stack(0x000000d9c1900000,0x000000d9c1a00000)]
  0x0000020d97adef30 JavaThread "AWT-EventQueue-0" [_thread_blocked, id=13852, stack(0x000000d9c2c00000,0x000000d9c2d00000)]
  0x0000020df9ffe150 JavaThread "DestroyJavaVM" [_thread_blocked, id=16800, stack(0x000000d9c0400000,0x000000d9c0500000)]
  0x0000020d9c9cc970 JavaThread "D3D Screen Updater" daemon [_thread_blocked, id=16404, stack(0x000000d9c2d00000,0x000000d9c2e00000)]

Other Threads:
=>0x0000020d96d900f0 VMThread "VM Thread" [stack: 0x000000d9c0a00000,0x000000d9c0b00000] [id=4796]
  0x0000020d9790c5e0 WatcherThread [stack: 0x000000d9c1700000,0x000000d9c1800000] [id=12184]
  0x0000020dfa035be0 GCTaskThread "GC Thread#0" [stack: 0x000000d9c0500000,0x000000d9c0600000] [id=16724]
  0x0000020d9c8334b0 GCTaskThread "GC Thread#1" [stack: 0x000000d9c1500000,0x000000d9c1600000] [id=11504]
  0x0000020d9c833760 GCTaskThread "GC Thread#2" [stack: 0x000000d9c2400000,0x000000d9c2500000] [id=10080]
  0x0000020d9c833a10 GCTaskThread "GC Thread#3" [stack: 0x000000d9c2500000,0x000000d9c2600000] [id=10096]
  0x0000020d9c9458f0 GCTaskThread "GC Thread#4" [stack: 0x000000d9c2600000,0x000000d9c2700000] [id=13288]
  0x0000020d9c945ba0 GCTaskThread "GC Thread#5" [stack: 0x000000d9c2700000,0x000000d9c2800000] [id=13164]
  0x0000020d9c945e50 GCTaskThread "GC Thread#6" [stack: 0x000000d9c2800000,0x000000d9c2900000] [id=16944]
  0x0000020d9c946100 GCTaskThread "GC Thread#7" [stack: 0x000000d9c2900000,0x000000d9c2a00000] [id=17248]
  0x0000020dfa0428b0 ConcurrentGCThread "G1 Main Marker" [stack: 0x000000d9c0600000,0x000000d9c0700000] [id=16732]
  0x0000020dfa0431d0 ConcurrentGCThread "G1 Conc#0" [stack: 0x000000d9c0700000,0x000000d9c0800000] [id=16720]
  0x0000020d9c8344d0 ConcurrentGCThread "G1 Conc#1" [stack: 0x000000d9c2a00000,0x000000d9c2b00000] [id=16052]
  0x0000020dfa0bf590 ConcurrentGCThread "G1 Refine#0" [stack: 0x000000d9c0800000,0x000000d9c0900000] [id=14192]
  0x0000020dfa0bfec0 ConcurrentGCThread "G1 Service" [stack: 0x000000d9c0900000,0x000000d9c0a00000] [id=16792]

Threads with active compile tasks:

VM state: at safepoint (normal execution)

VM Mutex/Monitor currently owned by a thread:  ([mutex/lock_event])
[0x0000020df9ffb350] Threads_lock - owner thread: 0x0000020d96d900f0
[0x0000020df9ffaae0] Heap_lock - owner thread: 0x0000020dfa0428b0

Heap address: 0x00000000a0c00000, size: 1524 MB, Compressed Oops mode: 32-bit

CDS archive(s) mapped at: [0x0000000800000000-0x0000000800bc0000-0x0000000800bc0000), size 12320768, SharedBaseAddress: 0x0000000800000000, ArchiveRelocationMode: 0.
Compressed class space mapped at: 0x0000000800c00000-0x0000000840c00000, reserved size: 1073741824
Narrow klass base: 0x0000000800000000, Narrow klass shift: 0, Narrow klass range: 0x100000000

GC Precious Log:
 CPUs: 8 total, 8 available
 Memory: 6091M
 Large Page Support: Disabled
 NUMA Support: Disabled
 Compressed Oops: Enabled (32-bit)
 Heap Region Size: 1M
 Heap Min Capacity: 8M
 Heap Initial Capacity: 96M
 Heap Max Capacity: 1524M
 Pre-touch: Disabled
 Parallel Workers: 8
 Concurrent Workers: 2
 Concurrent Refinement Workers: 8
 Periodic GC: Disabled

Heap:
 garbage-first heap   total 174080K, used 107355K [0x00000000a0c00000, 0x0000000100000000)
  region size 1024K, 3 young (3072K), 2 survivors (2048K)
 Metaspace       used 7178K, committed 7360K, reserved 1056768K
  class space    used 793K, committed 896K, reserved 1048576K

Heap Regions: E=young(eden), S=young(survivor), O=old, HS=humongous(starts), HC=humongous(continues), CS=collection set, F=free, OA=open archive, CA=closed archive, TAMS=top-at-mark-start (previous, next)
|   0|0x00000000a0c00000, 0x00000000a0d00000, 0x00000000a0d00000|100%|HS|  |TAMS 0x00000000a0d00000, 0x00000000a0c00000| Complete 
|   1|0x00000000a0d00000, 0x00000000a0e00000, 0x00000000a0e00000|100%|HC|  |TAMS 0x00000000a0e00000, 0x00000000a0d00000| Complete 
|   2|0x00000000a0e00000, 0x00000000a0f00000, 0x00000000a0f00000|100%|HC|  |TAMS 0x00000000a0f00000, 0x00000000a0e00000| Complete 
|   3|0x00000000a0f00000, 0x00000000a1000000, 0x00000000a1000000|100%|HC|  |TAMS 0x00000000a1000000, 0x00000000a0f00000| Complete 
|   4|0x00000000a1000000, 0x00000000a1100000, 0x00000000a1100000|100%|HS|  |TAMS 0x00000000a1100000, 0x00000000a1000000| Complete 
|   5|0x00000000a1100000, 0x00000000a1200000, 0x00000000a1200000|100%|HC|  |TAMS 0x00000000a1200000, 0x00000000a1100000| Complete 
|   6|0x00000000a1200000, 0x00000000a1300000, 0x00000000a1300000|100%|HC|  |TAMS 0x00000000a1300000, 0x00000000a1200000| Complete 
|   7|0x00000000a1300000, 0x00000000a1400000, 0x00000000a1400000|100%| O|  |TAMS 0x00000000a1400000, 0x00000000a1300000| Untracked 
|   8|0x00000000a1400000, 0x00000000a1500000, 0x00000000a1500000|100%| O|  |TAMS 0x00000000a1500000, 0x00000000a1400000| Untracked 
|   9|0x00000000a1500000, 0x00000000a155ee00, 0x00000000a1600000| 37%| O|  |TAMS 0x00000000a155ee00, 0x00000000a1500000| Updating 
|  10|0x00000000a1600000, 0x00000000a1700000, 0x00000000a1700000|100%|HS|  |TAMS 0x00000000a1600000, 0x00000000a1600000| Complete 
|  11|0x00000000a1700000, 0x00000000a1800000, 0x00000000a1800000|100%|HC|  |TAMS 0x00000000a1700000, 0x00000000a1700000| Complete 
|  12|0x00000000a1800000, 0x00000000a1900000, 0x00000000a1900000|100%|HC|  |TAMS 0x00000000a1800000, 0x00000000a1800000| Complete 
|  13|0x00000000a1900000, 0x00000000a1a00000, 0x00000000a1a00000|100%|HC|  |TAMS 0x00000000a1900000, 0x00000000a1900000| Complete 
|  14|0x00000000a1a00000, 0x00000000a1b00000, 0x00000000a1b00000|100%|HC|  |TAMS 0x00000000a1a00000, 0x00000000a1a00000| Complete 
|  15|0x00000000a1b00000, 0x00000000a1c00000, 0x00000000a1c00000|100%|HC|  |TAMS 0x00000000a1b00000, 0x00000000a1b00000| Complete 
|  16|0x00000000a1c00000, 0x00000000a1c00000, 0x00000000a1d00000|  0%| F|  |TAMS 0x00000000a1c00000, 0x00000000a1c00000| Untracked 
|  17|0x00000000a1d00000, 0x00000000a1d00000, 0x00000000a1e00000|  0%| F|  |TAMS 0x00000000a1d00000, 0x00000000a1d00000| Untracked 
|  18|0x00000000a1e00000, 0x00000000a1e00000, 0x00000000a1f00000|  0%| F|  |TAMS 0x00000000a1e00000, 0x00000000a1e00000| Untracked 
|  19|0x00000000a1f00000, 0x00000000a1f00000, 0x00000000a2000000|  0%| F|  |TAMS 0x00000000a1f00000, 0x00000000a1f00000| Untracked 
|  20|0x00000000a2000000, 0x00000000a2000000, 0x00000000a2100000|  0%| F|  |TAMS 0x00000000a2000000, 0x00000000a2000000| Untracked 
|  21|0x00000000a2100000, 0x00000000a2100000, 0x00000000a2200000|  0%| F|  |TAMS 0x00000000a2100000, 0x00000000a2100000| Untracked 
|  22|0x00000000a2200000, 0x00000000a2200000, 0x00000000a2300000|  0%| F|  |TAMS 0x00000000a2200000, 0x00000000a2200000| Untracked 
|  23|0x00000000a2300000, 0x00000000a2300000, 0x00000000a2400000|  0%| F|  |TAMS 0x00000000a2300000, 0x00000000a2300000| Untracked 
|  24|0x00000000a2400000, 0x00000000a2400000, 0x00000000a2500000|  0%| F|  |TAMS 0x00000000a2400000, 0x00000000a2400000| Untracked 
|  25|0x00000000a2500000, 0x00000000a2500000, 0x00000000a2600000|  0%| F|  |TAMS 0x00000000a2500000, 0x00000000a2500000| Untracked 
|  26|0x00000000a2600000, 0x00000000a2600000, 0x00000000a2700000|  0%| F|  |TAMS 0x00000000a2600000, 0x00000000a2600000| Untracked 
|  27|0x00000000a2700000, 0x00000000a2700000, 0x00000000a2800000|  0%| F|  |TAMS 0x00000000a2700000, 0x00000000a2700000| Untracked 
|  28|0x00000000a2800000, 0x00000000a2800000, 0x00000000a2900000|  0%| F|  |TAMS 0x00000000a2800000, 0x00000000a2800000| Untracked 
|  29|0x00000000a2900000, 0x00000000a2900000, 0x00000000a2a00000|  0%| F|  |TAMS 0x00000000a2900000, 0x00000000a2900000| Untracked 
|  30|0x00000000a2a00000, 0x00000000a2a00000, 0x00000000a2b00000|  0%| F|  |TAMS 0x00000000a2a00000, 0x00000000a2a00000| Untracked 
|  31|0x00000000a2b00000, 0x00000000a2b00000, 0x00000000a2c00000|  0%| F|  |TAMS 0x00000000a2b00000, 0x00000000a2b00000| Untracked 
|  32|0x00000000a2c00000, 0x00000000a2c00000, 0x00000000a2d00000|  0%| F|  |TAMS 0x00000000a2c00000, 0x00000000a2c00000| Untracked 
|  33|0x00000000a2d00000, 0x00000000a2d00000, 0x00000000a2e00000|  0%| F|  |TAMS 0x00000000a2d00000, 0x00000000a2d00000| Untracked 
|  34|0x00000000a2e00000, 0x00000000a2e00000, 0x00000000a2f00000|  0%| F|  |TAMS 0x00000000a2e00000, 0x00000000a2e00000| Untracked 
|  35|0x00000000a2f00000, 0x00000000a2f00000, 0x00000000a3000000|  0%| F|  |TAMS 0x00000000a2f00000, 0x00000000a2f00000| Untracked 
|  36|0x00000000a3000000, 0x00000000a3000000, 0x00000000a3100000|  0%| F|  |TAMS 0x00000000a3000000, 0x00000000a3000000| Untracked 
|  37|0x00000000a3100000, 0x00000000a3100000, 0x00000000a3200000|  0%| F|  |TAMS 0x00000000a3100000, 0x00000000a3100000| Untracked 
|  38|0x00000000a3200000, 0x00000000a3200000, 0x00000000a3300000|  0%| F|  |TAMS 0x00000000a3200000, 0x00000000a3200000| Untracked 
|  39|0x00000000a3300000, 0x00000000a3300000, 0x00000000a3400000|  0%| F|  |TAMS 0x00000000a3300000, 0x00000000a3300000| Untracked 
|  40|0x00000000a3400000, 0x00000000a3400000, 0x00000000a3500000|  0%| F|  |TAMS 0x00000000a3400000, 0x00000000a3400000| Untracked 
|  41|0x00000000a3500000, 0x00000000a3500000, 0x00000000a3600000|  0%| F|  |TAMS 0x00000000a3500000, 0x00000000a3500000| Untracked 
|  42|0x00000000a3600000, 0x00000000a3600000, 0x00000000a3700000|  0%| F|  |TAMS 0x00000000a3600000, 0x00000000a3600000| Untracked 
|  43|0x00000000a3700000, 0x00000000a3700000, 0x00000000a3800000|  0%| F|  |TAMS 0x00000000a3700000, 0x00000000a3700000| Untracked 
|  44|0x00000000a3800000, 0x00000000a3800000, 0x00000000a3900000|  0%| F|  |TAMS 0x00000000a3800000, 0x00000000a3800000| Untracked 
|  45|0x00000000a3900000, 0x00000000a3900000, 0x00000000a3a00000|  0%| F|  |TAMS 0x00000000a3900000, 0x00000000a3900000| Untracked 
|  46|0x00000000a3a00000, 0x00000000a3a00000, 0x00000000a3b00000|  0%| F|  |TAMS 0x00000000a3a00000, 0x00000000a3a00000| Untracked 
|  47|0x00000000a3b00000, 0x00000000a3b00000, 0x00000000a3c00000|  0%| F|  |TAMS 0x00000000a3b00000, 0x00000000a3b00000| Untracked 
|  48|0x00000000a3c00000, 0x00000000a3c00000, 0x00000000a3d00000|  0%| F|  |TAMS 0x00000000a3c00000, 0x00000000a3c00000| Untracked 
|  49|0x00000000a3d00000, 0x00000000a3d00000, 0x00000000a3e00000|  0%| F|  |TAMS 0x00000000a3d00000, 0x00000000a3d00000| Untracked 
|  50|0x00000000a3e00000, 0x00000000a3e00000, 0x00000000a3f00000|  0%| F|  |TAMS 0x00000000a3e00000, 0x00000000a3e00000| Untracked 
|  51|0x00000000a3f00000, 0x00000000a3f00000, 0x00000000a4000000|  0%| F|  |TAMS 0x00000000a3f00000, 0x00000000a3f00000| Untracked 
|  52|0x00000000a4000000, 0x00000000a4000000, 0x00000000a4100000|  0%| F|  |TAMS 0x00000000a4000000, 0x00000000a4000000| Untracked 
|  53|0x00000000a4100000, 0x00000000a4100000, 0x00000000a4200000|  0%| F|  |TAMS 0x00000000a4100000, 0x00000000a4100000| Untracked 
|  54|0x00000000a4200000, 0x00000000a4200000, 0x00000000a4300000|  0%| F|  |TAMS 0x00000000a4200000, 0x00000000a4200000| Untracked 
|  55|0x00000000a4300000, 0x00000000a4300000, 0x00000000a4400000|  0%| F|  |TAMS 0x00000000a4300000, 0x00000000a4300000| Untracked 
|  56|0x00000000a4400000, 0x00000000a4400000, 0x00000000a4500000|  0%| F|  |TAMS 0x00000000a4400000, 0x00000000a4400000| Untracked 
|  57|0x00000000a4500000, 0x00000000a4500000, 0x00000000a4600000|  0%| F|  |TAMS 0x00000000a4500000, 0x00000000a4500000| Untracked 
|  58|0x00000000a4600000, 0x00000000a4600000, 0x00000000a4700000|  0%| F|  |TAMS 0x00000000a4600000, 0x00000000a4600000| Untracked 
|  59|0x00000000a4700000, 0x00000000a4700000, 0x00000000a4800000|  0%| F|  |TAMS 0x00000000a4700000, 0x00000000a4700000| Untracked 
|  60|0x00000000a4800000, 0x00000000a4800000, 0x00000000a4900000|  0%| F|  |TAMS 0x00000000a4800000, 0x00000000a4800000| Untracked 
|  61|0x00000000a4900000, 0x00000000a4900000, 0x00000000a4a00000|  0%| F|  |TAMS 0x00000000a4900000, 0x00000000a4900000| Untracked 
|  62|0x00000000a4a00000, 0x00000000a4a00000, 0x00000000a4b00000|  0%| F|  |TAMS 0x00000000a4a00000, 0x00000000a4a00000| Untracked 
|  63|0x00000000a4b00000, 0x00000000a4b00000, 0x00000000a4c00000|  0%| F|  |TAMS 0x00000000a4b00000, 0x00000000a4b00000| Untracked 
|  64|0x00000000a4c00000, 0x00000000a4c00000, 0x00000000a4d00000|  0%| F|  |TAMS 0x00000000a4c00000, 0x00000000a4c00000| Untracked 
|  65|0x00000000a4d00000, 0x00000000a4d00000, 0x00000000a4e00000|  0%| F|  |TAMS 0x00000000a4d00000, 0x00000000a4d00000| Untracked 
|  66|0x00000000a4e00000, 0x00000000a4e00000, 0x00000000a4f00000|  0%| F|  |TAMS 0x00000000a4e00000, 0x00000000a4e00000| Untracked 
|  67|0x00000000a4f00000, 0x00000000a4f00000, 0x00000000a5000000|  0%| F|  |TAMS 0x00000000a4f00000, 0x00000000a4f00000| Untracked 
|  68|0x00000000a5000000, 0x00000000a5000000, 0x00000000a5100000|  0%| F|  |TAMS 0x00000000a5000000, 0x00000000a5000000| Untracked 
|  69|0x00000000a5100000, 0x00000000a5100000, 0x00000000a5200000|  0%| F|  |TAMS 0x00000000a5100000, 0x00000000a5100000| Untracked 
|  70|0x00000000a5200000, 0x00000000a5200000, 0x00000000a5300000|  0%| F|  |TAMS 0x00000000a5200000, 0x00000000a5200000| Untracked 
|  71|0x00000000a5300000, 0x00000000a5300000, 0x00000000a5400000|  0%| F|  |TAMS 0x00000000a5300000, 0x00000000a5300000| Untracked 
|  72|0x00000000a5400000, 0x00000000a5400000, 0x00000000a5500000|  0%| F|  |TAMS 0x00000000a5400000, 0x00000000a5400000| Untracked 
|  73|0x00000000a5500000, 0x00000000a5500000, 0x00000000a5600000|  0%| F|  |TAMS 0x00000000a5500000, 0x00000000a5500000| Untracked 
|  74|0x00000000a5600000, 0x00000000a5678040, 0x00000000a5700000| 46%| S|CS|TAMS 0x00000000a5600000, 0x00000000a5600000| Complete 
|  75|0x00000000a5700000, 0x00000000a5800000, 0x00000000a5800000|100%| S|CS|TAMS 0x00000000a5700000, 0x00000000a5700000| Complete 
|  76|0x00000000a5800000, 0x00000000a5800000, 0x00000000a5900000|  0%| F|  |TAMS 0x00000000a5800000, 0x00000000a5800000| Untracked 
|  77|0x00000000a5900000, 0x00000000a5900000, 0x00000000a5a00000|  0%| F|  |TAMS 0x00000000a5900000, 0x00000000a5900000| Untracked 
|  78|0x00000000a5a00000, 0x00000000a5a00000, 0x00000000a5b00000|  0%| F|  |TAMS 0x00000000a5a00000, 0x00000000a5a00000| Untracked 
|  79|0x00000000a5b00000, 0x00000000a5b00000, 0x00000000a5c00000|  0%| F|  |TAMS 0x00000000a5b00000, 0x00000000a5b00000| Untracked 
|  80|0x00000000a5c00000, 0x00000000a5c00000, 0x00000000a5d00000|  0%| F|  |TAMS 0x00000000a5c00000, 0x00000000a5c00000| Untracked 
|  81|0x00000000a5d00000, 0x00000000a5d7ae20, 0x00000000a5e00000| 48%| E|  |TAMS 0x00000000a5d00000, 0x00000000a5d00000| Complete 
|  82|0x00000000a5e00000, 0x00000000a5f00000, 0x00000000a5f00000|100%|HS|  |TAMS 0x00000000a5f00000, 0x00000000a5e00000| Complete 
|  83|0x00000000a5f00000, 0x00000000a6000000, 0x00000000a6000000|100%|HC|  |TAMS 0x00000000a6000000, 0x00000000a5f00000| Complete 
|  84|0x00000000a6000000, 0x00000000a6100000, 0x00000000a6100000|100%|HC|  |TAMS 0x00000000a6100000, 0x00000000a6000000| Complete 
|  85|0x00000000a6100000, 0x00000000a6200000, 0x00000000a6200000|100%|HC|  |TAMS 0x00000000a6200000, 0x00000000a6100000| Complete 
|  86|0x00000000a6200000, 0x00000000a6300000, 0x00000000a6300000|100%|HC|  |TAMS 0x00000000a6300000, 0x00000000a6200000| Complete 
|  87|0x00000000a6300000, 0x00000000a6400000, 0x00000000a6400000|100%|HC|  |TAMS 0x00000000a6400000, 0x00000000a6300000| Complete 
|  88|0x00000000a6400000, 0x00000000a6500000, 0x00000000a6500000|100%|HC|  |TAMS 0x00000000a6500000, 0x00000000a6400000| Complete 
|  89|0x00000000a6500000, 0x00000000a6600000, 0x00000000a6600000|100%|HC|  |TAMS 0x00000000a6600000, 0x00000000a6500000| Complete 
|  90|0x00000000a6600000, 0x00000000a6700000, 0x00000000a6700000|100%|HC|  |TAMS 0x00000000a6700000, 0x00000000a6600000| Complete 
|  91|0x00000000a6700000, 0x00000000a6800000, 0x00000000a6800000|100%|HC|  |TAMS 0x00000000a6800000, 0x00000000a6700000| Complete 
|  92|0x00000000a6800000, 0x00000000a6900000, 0x00000000a6900000|100%|HC|  |TAMS 0x00000000a6900000, 0x00000000a6800000| Complete 
|  93|0x00000000a6900000, 0x00000000a6a00000, 0x00000000a6a00000|100%|HC|  |TAMS 0x00000000a6a00000, 0x00000000a6900000| Complete 
|  94|0x00000000a6a00000, 0x00000000a6b00000, 0x00000000a6b00000|100%|HC|  |TAMS 0x00000000a6b00000, 0x00000000a6a00000| Complete 
|  95|0x00000000a6b00000, 0x00000000a6c00000, 0x00000000a6c00000|100%|HC|  |TAMS 0x00000000a6c00000, 0x00000000a6b00000| Complete 
|  96|0x00000000a6c00000, 0x00000000a6d00000, 0x00000000a6d00000|100%|HC|  |TAMS 0x00000000a6d00000, 0x00000000a6c00000| Complete 
|  97|0x00000000a6d00000, 0x00000000a6e00000, 0x00000000a6e00000|100%|HC|  |TAMS 0x00000000a6e00000, 0x00000000a6d00000| Complete 
|  98|0x00000000a6e00000, 0x00000000a6f00000, 0x00000000a6f00000|100%|HC|  |TAMS 0x00000000a6f00000, 0x00000000a6e00000| Complete 
|  99|0x00000000a6f00000, 0x00000000a7000000, 0x00000000a7000000|100%|HC|  |TAMS 0x00000000a7000000, 0x00000000a6f00000| Complete 
| 100|0x00000000a7000000, 0x00000000a7100000, 0x00000000a7100000|100%|HC|  |TAMS 0x00000000a7100000, 0x00000000a7000000| Complete 
| 101|0x00000000a7100000, 0x00000000a7200000, 0x00000000a7200000|100%|HC|  |TAMS 0x00000000a7200000, 0x00000000a7100000| Complete 
| 102|0x00000000a7200000, 0x00000000a7300000, 0x00000000a7300000|100%|HC|  |TAMS 0x00000000a7300000, 0x00000000a7200000| Complete 
| 103|0x00000000a7300000, 0x00000000a7400000, 0x00000000a7400000|100%|HC|  |TAMS 0x00000000a7400000, 0x00000000a7300000| Complete 
| 104|0x00000000a7400000, 0x00000000a7500000, 0x00000000a7500000|100%|HC|  |TAMS 0x00000000a7500000, 0x00000000a7400000| Complete 
| 105|0x00000000a7500000, 0x00000000a7600000, 0x00000000a7600000|100%|HC|  |TAMS 0x00000000a7600000, 0x00000000a7500000| Complete 
| 106|0x00000000a7600000, 0x00000000a7700000, 0x00000000a7700000|100%|HC|  |TAMS 0x00000000a7700000, 0x00000000a7600000| Complete 
| 107|0x00000000a7700000, 0x00000000a7800000, 0x00000000a7800000|100%|HC|  |TAMS 0x00000000a7800000, 0x00000000a7700000| Complete 
| 108|0x00000000a7800000, 0x00000000a7900000, 0x00000000a7900000|100%|HC|  |TAMS 0x00000000a7900000, 0x00000000a7800000| Complete 
| 109|0x00000000a7900000, 0x00000000a7a00000, 0x00000000a7a00000|100%|HC|  |TAMS 0x00000000a7a00000, 0x00000000a7900000| Complete 
| 110|0x00000000a7a00000, 0x00000000a7b00000, 0x00000000a7b00000|100%|HC|  |TAMS 0x00000000a7b00000, 0x00000000a7a00000| Complete 
| 111|0x00000000a7b00000, 0x00000000a7c00000, 0x00000000a7c00000|100%|HC|  |TAMS 0x00000000a7c00000, 0x00000000a7b00000| Complete 
| 112|0x00000000a7c00000, 0x00000000a7d00000, 0x00000000a7d00000|100%|HC|  |TAMS 0x00000000a7d00000, 0x00000000a7c00000| Complete 
| 113|0x00000000a7d00000, 0x00000000a7e00000, 0x00000000a7e00000|100%|HC|  |TAMS 0x00000000a7e00000, 0x00000000a7d00000| Complete 
| 114|0x00000000a7e00000, 0x00000000a7f00000, 0x00000000a7f00000|100%|HC|  |TAMS 0x00000000a7f00000, 0x00000000a7e00000| Complete 
| 115|0x00000000a7f00000, 0x00000000a8000000, 0x00000000a8000000|100%|HC|  |TAMS 0x00000000a8000000, 0x00000000a7f00000| Complete 
| 116|0x00000000a8000000, 0x00000000a8100000, 0x00000000a8100000|100%|HC|  |TAMS 0x00000000a8100000, 0x00000000a8000000| Complete 
| 117|0x00000000a8100000, 0x00000000a8200000, 0x00000000a8200000|100%|HC|  |TAMS 0x00000000a8200000, 0x00000000a8100000| Complete 
| 118|0x00000000a8200000, 0x00000000a8300000, 0x00000000a8300000|100%|HC|  |TAMS 0x00000000a8300000, 0x00000000a8200000| Complete 
| 119|0x00000000a8300000, 0x00000000a8400000, 0x00000000a8400000|100%|HC|  |TAMS 0x00000000a8400000, 0x00000000a8300000| Complete 
| 120|0x00000000a8400000, 0x00000000a8500000, 0x00000000a8500000|100%|HC|  |TAMS 0x00000000a8500000, 0x00000000a8400000| Complete 
| 121|0x00000000a8500000, 0x00000000a8600000, 0x00000000a8600000|100%|HC|  |TAMS 0x00000000a8600000, 0x00000000a8500000| Complete 
| 122|0x00000000a8600000, 0x00000000a8700000, 0x00000000a8700000|100%|HC|  |TAMS 0x00000000a8700000, 0x00000000a8600000| Complete 
| 123|0x00000000a8700000, 0x00000000a8800000, 0x00000000a8800000|100%|HC|  |TAMS 0x00000000a8800000, 0x00000000a8700000| Complete 
| 124|0x00000000a8800000, 0x00000000a8900000, 0x00000000a8900000|100%|HC|  |TAMS 0x00000000a8900000, 0x00000000a8800000| Complete 
| 125|0x00000000a8900000, 0x00000000a8a00000, 0x00000000a8a00000|100%|HC|  |TAMS 0x00000000a8a00000, 0x00000000a8900000| Complete 
| 126|0x00000000a8a00000, 0x00000000a8b00000, 0x00000000a8b00000|100%|HC|  |TAMS 0x00000000a8b00000, 0x00000000a8a00000| Complete 
| 127|0x00000000a8b00000, 0x00000000a8c00000, 0x00000000a8c00000|100%|HC|  |TAMS 0x00000000a8c00000, 0x00000000a8b00000| Complete 
| 128|0x00000000a8c00000, 0x00000000a8d00000, 0x00000000a8d00000|100%|HC|  |TAMS 0x00000000a8d00000, 0x00000000a8c00000| Complete 
| 129|0x00000000a8d00000, 0x00000000a8e00000, 0x00000000a8e00000|100%|HC|  |TAMS 0x00000000a8e00000, 0x00000000a8d00000| Complete 
| 130|0x00000000a8e00000, 0x00000000a8f00000, 0x00000000a8f00000|100%|HC|  |TAMS 0x00000000a8f00000, 0x00000000a8e00000| Complete 
| 131|0x00000000a8f00000, 0x00000000a9000000, 0x00000000a9000000|100%|HC|  |TAMS 0x00000000a9000000, 0x00000000a8f00000| Complete 
| 132|0x00000000a9000000, 0x00000000a9100000, 0x00000000a9100000|100%|HC|  |TAMS 0x00000000a9100000, 0x00000000a9000000| Complete 
| 133|0x00000000a9100000, 0x00000000a9200000, 0x00000000a9200000|100%|HC|  |TAMS 0x00000000a9200000, 0x00000000a9100000| Complete 
| 134|0x00000000a9200000, 0x00000000a9300000, 0x00000000a9300000|100%|HC|  |TAMS 0x00000000a9300000, 0x00000000a9200000| Complete 
| 135|0x00000000a9300000, 0x00000000a9400000, 0x00000000a9400000|100%|HC|  |TAMS 0x00000000a9400000, 0x00000000a9300000| Complete 
| 136|0x00000000a9400000, 0x00000000a9500000, 0x00000000a9500000|100%|HC|  |TAMS 0x00000000a9500000, 0x00000000a9400000| Complete 
| 137|0x00000000a9500000, 0x00000000a9600000, 0x00000000a9600000|100%|HC|  |TAMS 0x00000000a9600000, 0x00000000a9500000| Complete 
| 138|0x00000000a9600000, 0x00000000a9700000, 0x00000000a9700000|100%|HC|  |TAMS 0x00000000a9700000, 0x00000000a9600000| Complete 
| 139|0x00000000a9700000, 0x00000000a9800000, 0x00000000a9800000|100%|HC|  |TAMS 0x00000000a9800000, 0x00000000a9700000| Complete 
| 140|0x00000000a9800000, 0x00000000a9900000, 0x00000000a9900000|100%|HC|  |TAMS 0x00000000a9900000, 0x00000000a9800000| Complete 
| 141|0x00000000a9900000, 0x00000000a9a00000, 0x00000000a9a00000|100%|HC|  |TAMS 0x00000000a9a00000, 0x00000000a9900000| Complete 
| 142|0x00000000a9a00000, 0x00000000a9b00000, 0x00000000a9b00000|100%|HC|  |TAMS 0x00000000a9b00000, 0x00000000a9a00000| Complete 
| 143|0x00000000a9b00000, 0x00000000a9c00000, 0x00000000a9c00000|100%|HC|  |TAMS 0x00000000a9c00000, 0x00000000a9b00000| Complete 
| 144|0x00000000a9c00000, 0x00000000a9d00000, 0x00000000a9d00000|100%|HC|  |TAMS 0x00000000a9d00000, 0x00000000a9c00000| Complete 
| 145|0x00000000a9d00000, 0x00000000a9e00000, 0x00000000a9e00000|100%|HC|  |TAMS 0x00000000a9e00000, 0x00000000a9d00000| Complete 
| 146|0x00000000a9e00000, 0x00000000a9f00000, 0x00000000a9f00000|100%|HC|  |TAMS 0x00000000a9f00000, 0x00000000a9e00000| Complete 
| 147|0x00000000a9f00000, 0x00000000aa000000, 0x00000000aa000000|100%|HC|  |TAMS 0x00000000aa000000, 0x00000000a9f00000| Complete 
| 148|0x00000000aa000000, 0x00000000aa100000, 0x00000000aa100000|100%|HC|  |TAMS 0x00000000aa100000, 0x00000000aa000000| Complete 
| 149|0x00000000aa100000, 0x00000000aa200000, 0x00000000aa200000|100%|HC|  |TAMS 0x00000000aa200000, 0x00000000aa100000| Complete 
| 150|0x00000000aa200000, 0x00000000aa300000, 0x00000000aa300000|100%|HC|  |TAMS 0x00000000aa300000, 0x00000000aa200000| Complete 
| 151|0x00000000aa300000, 0x00000000aa400000, 0x00000000aa400000|100%|HC|  |TAMS 0x00000000aa400000, 0x00000000aa300000| Complete 
| 152|0x00000000aa400000, 0x00000000aa500000, 0x00000000aa500000|100%|HC|  |TAMS 0x00000000aa500000, 0x00000000aa400000| Complete 
| 153|0x00000000aa500000, 0x00000000aa600000, 0x00000000aa600000|100%|HC|  |TAMS 0x00000000aa600000, 0x00000000aa500000| Complete 
| 154|0x00000000aa600000, 0x00000000aa700000, 0x00000000aa700000|100%|HC|  |TAMS 0x00000000aa700000, 0x00000000aa600000| Complete 
| 155|0x00000000aa700000, 0x00000000aa800000, 0x00000000aa800000|100%|HC|  |TAMS 0x00000000aa800000, 0x00000000aa700000| Complete 
| 156|0x00000000aa800000, 0x00000000aa900000, 0x00000000aa900000|100%|HC|  |TAMS 0x00000000aa900000, 0x00000000aa800000| Complete 
| 157|0x00000000aa900000, 0x00000000aaa00000, 0x00000000aaa00000|100%|HC|  |TAMS 0x00000000aaa00000, 0x00000000aa900000| Complete 
| 158|0x00000000aaa00000, 0x00000000aab00000, 0x00000000aab00000|100%|HC|  |TAMS 0x00000000aab00000, 0x00000000aaa00000| Complete 
| 159|0x00000000aab00000, 0x00000000aac00000, 0x00000000aac00000|100%|HC|  |TAMS 0x00000000aac00000, 0x00000000aab00000| Complete 
| 160|0x00000000aac00000, 0x00000000aad00000, 0x00000000aad00000|100%|HC|  |TAMS 0x00000000aad00000, 0x00000000aac00000| Complete 
| 161|0x00000000aad00000, 0x00000000aae00000, 0x00000000aae00000|100%|HC|  |TAMS 0x00000000aae00000, 0x00000000aad00000| Complete 
| 162|0x00000000aae00000, 0x00000000aaf00000, 0x00000000aaf00000|100%|HC|  |TAMS 0x00000000aaf00000, 0x00000000aae00000| Complete 
| 163|0x00000000aaf00000, 0x00000000ab000000, 0x00000000ab000000|100%|HC|  |TAMS 0x00000000ab000000, 0x00000000aaf00000| Complete 
| 164|0x00000000ab000000, 0x00000000ab100000, 0x00000000ab100000|100%|HC|  |TAMS 0x00000000ab100000, 0x00000000ab000000| Complete 
| 165|0x00000000ab100000, 0x00000000ab200000, 0x00000000ab200000|100%|HC|  |TAMS 0x00000000ab200000, 0x00000000ab100000| Complete 
| 166|0x00000000ab200000, 0x00000000ab300000, 0x00000000ab300000|100%|HC|  |TAMS 0x00000000ab300000, 0x00000000ab200000| Complete 
| 167|0x00000000ab300000, 0x00000000ab400000, 0x00000000ab400000|100%|HC|  |TAMS 0x00000000ab400000, 0x00000000ab300000| Complete 
| 168|0x00000000ab400000, 0x00000000ab500000, 0x00000000ab500000|100%|HC|  |TAMS 0x00000000ab500000, 0x00000000ab400000| Complete 
| 169|0x00000000ab500000, 0x00000000ab600000, 0x00000000ab600000|100%|HC|  |TAMS 0x00000000ab600000, 0x00000000ab500000| Complete 

Card table byte_map: [0x0000020dfa710000,0x0000020dfaa10000] _byte_map_base: 0x0000020dfa20a000

Marking Bits (Prev, Next): (CMBitMap*) 0x0000020dfa036100, (CMBitMap*) 0x0000020dfa036140
 Prev Bits: [0x0000020dfad10000, 0x0000020dfc4e0000)
 Next Bits: [0x0000020dfc4e0000, 0x0000020dfdcb0000)

Polling page: 0x0000020df97e0000

Metaspace:

Usage:
  Non-class:      6.24 MB used.
      Class:    793.46 KB used.
       Both:      7.01 MB used.

Virtual space:
  Non-class space:        8.00 MB reserved,       6.31 MB ( 79%) committed,  1 nodes.
      Class space:        1.00 GB reserved,     896.00 KB ( <1%) committed,  1 nodes.
             Both:        1.01 GB reserved,       7.19 MB ( <1%) committed. 

Chunk freelists:
   Non-Class:  1.04 MB
       Class:  3.14 MB
        Both:  4.18 MB

MaxMetaspaceSize: unlimited
CompressedClassSpaceSize: 1.00 GB
Initial GC threshold: 21.00 MB
Current GC threshold: 21.00 MB
CDS: on
MetaspaceReclaimPolicy: balanced
 - commit_granule_bytes: 65536.
 - commit_granule_words: 8192.
 - virtual_space_node_default_size: 1048576.
 - enlarge_chunks_in_place: 1.
 - new_chunks_are_fully_committed: 0.
 - uncommit_free_chunks: 1.
 - use_allocation_guard: 0.
 - handle_deallocations: 1.


Internal statistics:

num_allocs_failed_limit: 0.
num_arena_births: 118.
num_arena_deaths: 44.
num_vsnodes_births: 2.
num_vsnodes_deaths: 0.
num_space_committed: 115.
num_space_uncommitted: 0.
num_chunks_returned_to_freelist: 52.
num_chunks_taken_from_freelist: 168.
num_chunk_merges: 16.
num_chunk_splits: 88.
num_chunks_enlarged: 21.
num_purges: 2.
num_inconsistent_stats: 0.

CodeHeap 'non-profiled nmethods': size=120000Kb used=365Kb max_used=365Kb free=119634Kb
 bounds [0x0000020d8f1f0000, 0x0000020d8f460000, 0x0000020d96720000]
CodeHeap 'profiled nmethods': size=120000Kb used=1573Kb max_used=1573Kb free=118426Kb
 bounds [0x0000020d87cc0000, 0x0000020d87f30000, 0x0000020d8f1f0000]
CodeHeap 'non-nmethods': size=5760Kb used=1269Kb max_used=1283Kb free=4491Kb
 bounds [0x0000020d87720000, 0x0000020d87990000, 0x0000020d87cc0000]
 total_blobs=1695 nmethods=1101 adapters=507
 compilation: enabled
              stopped_count=0, restarted_count=0
 full_count=0

Compilation events (20 events):
Event: 1228.246 Thread 0x0000020d96dbb0d0 nmethod 1091 0x0000020d87e46e90 code [0x0000020d87e470a0, 0x0000020d87e478e8]
Event: 1228.255 Thread 0x0000020d96dae2b0 nmethod 1092 0x0000020d8f24a510 code [0x0000020d8f24a6a0, 0x0000020d8f24aa98]
Event: 1228.255 Thread 0x0000020d96dae2b0 1093       4       jdk.internal.logger.SurrogateLogger::defaultPlatformLevel (4 bytes)
Event: 1228.255 Thread 0x0000020d96dae2b0 nmethod 1093 0x0000020d8f24ac10 code [0x0000020d8f24ad80, 0x0000020d8f24adf8]
Event: 1558.104 Thread 0x0000020d96dae2b0 1094       4       java.security.AccessController::executePrivileged (65 bytes)
Event: 1558.109 Thread 0x0000020d96dae2b0 nmethod 1094 0x0000020d8f24af10 code [0x0000020d8f24b0a0, 0x0000020d8f24b148]
Event: 1559.091 Thread 0x0000020d96dbb0d0 1095       3       sun.java2d.pipe.Region::clipRound (34 bytes)
Event: 1559.095 Thread 0x0000020d96dbb0d0 nmethod 1095 0x0000020d87e47b90 code [0x0000020d87e47d80, 0x0000020d87e48028]
Event: 1559.095 Thread 0x0000020d96dbb0d0 1096       3       java.awt.geom.AffineTransform::<init> (15 bytes)
Event: 1559.095 Thread 0x0000020d96dbb0d0 nmethod 1096 0x0000020d87e48110 code [0x0000020d87e482a0, 0x0000020d87e48418]
Event: 1559.107 Thread 0x0000020d96dbb0d0 1097       3       sun.awt.Win32GraphicsConfig::getDefaultTransform (24 bytes)
Event: 1559.108 Thread 0x0000020d96dbb0d0 nmethod 1097 0x0000020d87e48510 code [0x0000020d87e486c0, 0x0000020d87e48948]
Event: 1559.108 Thread 0x0000020d96dbb0d0 1099       3       java.awt.geom.AffineTransform::setToScale (66 bytes)
Event: 1559.108 Thread 0x0000020d96dbb0d0 nmethod 1099 0x0000020d87e48a90 code [0x0000020d87e48c60, 0x0000020d87e48ed8]
Event: 1559.108 Thread 0x0000020d96dbb0d0 1098       3       java.awt.geom.AffineTransform::getScaleInstance (19 bytes)
Event: 1559.109 Thread 0x0000020d96dbb0d0 nmethod 1098 0x0000020d87e48f90 code [0x0000020d87e49140, 0x0000020d87e49318]
Event: 1559.109 Thread 0x0000020d96dbb0d0 1100       1       java.awt.color.ColorSpace::getType (5 bytes)
Event: 1559.109 Thread 0x0000020d96dbb0d0 nmethod 1100 0x0000020d8f24b210 code [0x0000020d8f24b3a0, 0x0000020d8f24b478]
Event: 1559.131 Thread 0x0000020d96dbb0d0 1101       3       java.lang.Float::isNaN (12 bytes)
Event: 1559.132 Thread 0x0000020d96dbb0d0 nmethod 1101 0x0000020d87e49410 code [0x0000020d87e495a0, 0x0000020d87e49718]

GC Heap History (10 events):
Event: 0.533 GC heap before
{Heap before GC invocations=0 (full 0):
 garbage-first heap   total 98304K, used 19456K [0x00000000a0c00000, 0x0000000100000000)
  region size 1024K, 14 young (14336K), 0 survivors (0K)
 Metaspace       used 4714K, committed 4864K, reserved 1056768K
  class space    used 492K, committed 576K, reserved 1048576K
}
Event: 0.538 GC heap after
{Heap after GC invocations=1 (full 0):
 garbage-first heap   total 98304K, used 9664K [0x00000000a0c00000, 0x0000000100000000)
  region size 1024K, 3 young (3072K), 3 survivors (3072K)
 Metaspace       used 4714K, committed 4864K, reserved 1056768K
  class space    used 492K, committed 576K, reserved 1048576K
}
Event: 0.694 GC heap before
{Heap before GC invocations=1 (full 0):
 garbage-first heap   total 174080K, used 125376K [0x00000000a0c00000, 0x0000000100000000)
  region size 1024K, 28 young (28672K), 3 survivors (3072K)
 Metaspace       used 4716K, committed 4864K, reserved 1056768K
  class space    used 492K, committed 576K, reserved 1048576K
}
Event: 0.697 GC heap after
{Heap after GC invocations=2 (full 0):
 garbage-first heap   total 174080K, used 100044K [0x00000000a0c00000, 0x0000000100000000)
  region size 1024K, 1 young (1024K), 1 survivors (1024K)
 Metaspace       used 4716K, committed 4864K, reserved 1056768K
  class space    used 492K, committed 576K, reserved 1048576K
}
Event: 0.825 GC heap before
{Heap before GC invocations=2 (full 0):
 garbage-first heap   total 174080K, used 148172K [0x00000000a0c00000, 0x0000000100000000)
  region size 1024K, 48 young (49152K), 1 survivors (1024K)
 Metaspace       used 4716K, committed 4864K, reserved 1056768K
  class space    used 492K, committed 576K, reserved 1048576K
}
Event: 0.826 GC heap after
{Heap after GC invocations=3 (full 0):
 garbage-first heap   total 174080K, used 99763K [0x00000000a0c00000, 0x0000000100000000)
  region size 1024K, 1 young (1024K), 1 survivors (1024K)
 Metaspace       used 4716K, committed 4864K, reserved 1056768K
  class space    used 492K, committed 576K, reserved 1048576K
}
Event: 1.269 GC heap before
{Heap before GC invocations=4 (full 0):
 garbage-first heap   total 174080K, used 149939K [0x00000000a0c00000, 0x0000000100000000)
  region size 1024K, 51 young (52224K), 1 survivors (1024K)
 Metaspace       used 4716K, committed 4864K, reserved 1056768K
  class space    used 492K, committed 576K, reserved 1048576K
}
Event: 1.270 GC heap after
{Heap after GC invocations=5 (full 0):
 garbage-first heap   total 174080K, used 100098K [0x00000000a0c00000, 0x0000000100000000)
  region size 1024K, 1 young (1024K), 1 survivors (1024K)
 Metaspace       used 4716K, committed 4864K, reserved 1056768K
  class space    used 492K, committed 576K, reserved 1048576K
}
Event: 1559.196 GC heap before
{Heap before GC invocations=5 (full 0):
 garbage-first heap   total 174080K, used 105218K [0x00000000a0c00000, 0x0000000100000000)
  region size 1024K, 7 young (7168K), 1 survivors (1024K)
 Metaspace       used 7222K, committed 7360K, reserved 1056768K
  class space    used 804K, committed 896K, reserved 1048576K
}
Event: 1559.267 GC heap after
{Heap after GC invocations=6 (full 0):
 garbage-first heap   total 174080K, used 101211K [0x00000000a0c00000, 0x0000000100000000)
  region size 1024K, 2 young (2048K), 2 survivors (2048K)
 Metaspace       used 7222K, committed 7360K, reserved 1056768K
  class space    used 804K, committed 896K, reserved 1048576K
}

Deoptimization events (20 events):
Event: 1.589 Thread 0x0000020d97adef30 Uncommon trap: trap_request=0xffffffde fr.pc=0x0000020d8f23486c relative=0x00000000000003ac
Event: 1.589 Thread 0x0000020d97adef30 Uncommon trap: reason=class_check action=maybe_recompile pc=0x0000020d8f23486c method=java.util.HashMap.getNode(Ljava/lang/Object;)Ljava/util/HashMap$Node; @ 63 c2
Event: 1.589 Thread 0x0000020d97adef30 DEOPT PACKING pc=0x0000020d8f23486c sp=0x000000d9c2cfd240
Event: 1.589 Thread 0x0000020d97adef30 DEOPT UNPACKING pc=0x0000020d877723a3 sp=0x000000d9c2cfd158 mode 2
Event: 1.592 Thread 0x0000020d97adef30 Uncommon trap: trap_request=0xffffffde fr.pc=0x0000020d8f23486c relative=0x00000000000003ac
Event: 1.592 Thread 0x0000020d97adef30 Uncommon trap: reason=class_check action=maybe_recompile pc=0x0000020d8f23486c method=java.util.HashMap.getNode(Ljava/lang/Object;)Ljava/util/HashMap$Node; @ 63 c2
Event: 1.592 Thread 0x0000020d97adef30 DEOPT PACKING pc=0x0000020d8f23486c sp=0x000000d9c2cfd130
Event: 1.592 Thread 0x0000020d97adef30 DEOPT UNPACKING pc=0x0000020d877723a3 sp=0x000000d9c2cfd048 mode 2
Event: 1.596 Thread 0x0000020d97adef30 Uncommon trap: trap_request=0xffffffde fr.pc=0x0000020d8f21d1e0 relative=0x00000000000003a0
Event: 1.596 Thread 0x0000020d97adef30 Uncommon trap: reason=class_check action=maybe_recompile pc=0x0000020d8f21d1e0 method=java.util.HashMap.getNode(Ljava/lang/Object;)Ljava/util/HashMap$Node; @ 63 c2
Event: 1.596 Thread 0x0000020d97adef30 DEOPT PACKING pc=0x0000020d8f21d1e0 sp=0x000000d9c2cfd1d0
Event: 1.596 Thread 0x0000020d97adef30 DEOPT UNPACKING pc=0x0000020d877723a3 sp=0x000000d9c2cfd158 mode 2
Event: 453.484 Thread 0x0000020d9c9cc970 Uncommon trap: trap_request=0xffffffcc fr.pc=0x0000020d8f248064 relative=0x0000000000000244
Event: 453.484 Thread 0x0000020d9c9cc970 Uncommon trap: reason=intrinsic_or_type_checked_inlining action=make_not_entrant pc=0x0000020d8f248064 method=java.util.Arrays.copyOf([Ljava/lang/Object;ILjava/lang/Class;)[Ljava/lang/Object; @ 35 c2
Event: 453.484 Thread 0x0000020d9c9cc970 DEOPT PACKING pc=0x0000020d8f248064 sp=0x000000d9c2dff510
Event: 453.485 Thread 0x0000020d9c9cc970 DEOPT UNPACKING pc=0x0000020d877723a3 sp=0x000000d9c2dff4a0 mode 2
Event: 581.246 Thread 0x0000020d9c9cc970 Uncommon trap: trap_request=0xffffffdc fr.pc=0x0000020d8f2490b0 relative=0x0000000000000190
Event: 581.246 Thread 0x0000020d9c9cc970 Uncommon trap: reason=class_check action=make_not_entrant pc=0x0000020d8f2490b0 method=java.util.ArrayList.toArray([Ljava/lang/Object;)[Ljava/lang/Object; @ 21 c2
Event: 581.247 Thread 0x0000020d9c9cc970 DEOPT PACKING pc=0x0000020d8f2490b0 sp=0x000000d9c2dff570
Event: 581.247 Thread 0x0000020d9c9cc970 DEOPT UNPACKING pc=0x0000020d877723a3 sp=0x000000d9c2dff530 mode 2

Classes unloaded (20 events):
Event: 1560.339 Thread 0x0000020d96d900f0 Unloading class 0x0000000800c09800 'java/lang/invoke/LambdaForm$MH+0x0000000800c09800'
Event: 1560.339 Thread 0x0000020d96d900f0 Unloading class 0x0000000800c09400 'java/lang/invoke/LambdaForm$MH+0x0000000800c09400'
Event: 1560.339 Thread 0x0000020d96d900f0 Unloading class 0x0000000800c09000 'java/lang/invoke/LambdaForm$MH+0x0000000800c09000'
Event: 1560.339 Thread 0x0000020d96d900f0 Unloading class 0x0000000800c08000 'java/lang/invoke/LambdaForm$MH+0x0000000800c08000'
Event: 1560.340 Thread 0x0000020d96d900f0 Unloading class 0x0000000800c07c00 'java/lang/invoke/LambdaForm$MH+0x0000000800c07c00'
Event: 1560.341 Thread 0x0000020d96d900f0 Unloading class 0x0000000800c07400 'java/lang/invoke/LambdaForm$MH+0x0000000800c07400'
Event: 1560.341 Thread 0x0000020d96d900f0 Unloading class 0x0000000800c06c00 'java/lang/invoke/LambdaForm$MH+0x0000000800c06c00'
Event: 1560.341 Thread 0x0000020d96d900f0 Unloading class 0x0000000800c06800 'java/lang/invoke/LambdaForm$MH+0x0000000800c06800'
Event: 1560.341 Thread 0x0000020d96d900f0 Unloading class 0x0000000800c06400 'java/lang/invoke/LambdaForm$MH+0x0000000800c06400'
Event: 1560.341 Thread 0x0000020d96d900f0 Unloading class 0x0000000800c06000 'java/lang/invoke/LambdaForm$MH+0x0000000800c06000'
Event: 1560.341 Thread 0x0000020d96d900f0 Unloading class 0x0000000800c05c00 'java/lang/invoke/LambdaForm$MH+0x0000000800c05c00'
Event: 1560.341 Thread 0x0000020d96d900f0 Unloading class 0x0000000800c05800 'java/lang/invoke/LambdaForm$MH+0x0000000800c05800'
Event: 1560.341 Thread 0x0000020d96d900f0 Unloading class 0x0000000800c05400 'java/lang/invoke/LambdaForm$MH+0x0000000800c05400'
Event: 1560.341 Thread 0x0000020d96d900f0 Unloading class 0x0000000800c05000 'java/lang/invoke/LambdaForm$MH+0x0000000800c05000'
Event: 1560.341 Thread 0x0000020d96d900f0 Unloading class 0x0000000800c04800 'java/lang/invoke/LambdaForm$MH+0x0000000800c04800'
Event: 1560.341 Thread 0x0000020d96d900f0 Unloading class 0x0000000800c04000 'java/lang/invoke/LambdaForm$MH+0x0000000800c04000'
Event: 1560.341 Thread 0x0000020d96d900f0 Unloading class 0x0000000800c01c00 'java/lang/invoke/LambdaForm$MH+0x0000000800c01c00'
Event: 1560.341 Thread 0x0000020d96d900f0 Unloading class 0x0000000800c01400 'java/lang/invoke/LambdaForm$MH+0x0000000800c01400'
Event: 1560.341 Thread 0x0000020d96d900f0 Unloading class 0x0000000800c01000 'java/lang/invoke/LambdaForm$MH+0x0000000800c01000'
Event: 1560.341 Thread 0x0000020d96d900f0 Unloading class 0x0000000800c00800 'java/lang/invoke/LambdaForm$MH+0x0000000800c00800'

Classes redefined (0 events):
No events

Internal exceptions (17 events):
Event: 0.073 Thread 0x0000020df9ffe150 Exception <a 'sun/nio/fs/WindowsException'{0x00000000a6a40618}> (0x00000000a6a40618) 
thrown [t:\workspace\open\src\hotspot\share\prims\jni.cpp, line 516]
Event: 0.073 Thread 0x0000020df9ffe150 Exception <a 'sun/nio/fs/WindowsException'{0x00000000a6a40b48}> (0x00000000a6a40b48) 
thrown [t:\workspace\open\src\hotspot\share\prims\jni.cpp, line 516]
Event: 0.075 Thread 0x0000020df9ffe150 Exception <a 'sun/nio/fs/WindowsException'{0x00000000a6a42e18}> (0x00000000a6a42e18) 
thrown [t:\workspace\open\src\hotspot\share\prims\jni.cpp, line 516]
Event: 0.112 Thread 0x0000020df9ffe150 Exception <a 'java/lang/ClassNotFoundException'{0x00000000a6af7c40}: sun/awt/resources/spi/awtProvider> (0x00000000a6af7c40) 
thrown [t:\workspace\open\src\hotspot\share\classfile\systemDictionary.cpp, line 256]
Event: 0.132 Thread 0x0000020df9ffe150 Exception <a 'java/io/FileNotFoundException'{0x00000000a6964cb0}> (0x00000000a6964cb0) 
thrown [t:\workspace\open\src\hotspot\share\prims\jni.cpp, line 516]
Event: 0.138 Thread 0x0000020df9ffe150 Exception <a 'java/io/FileNotFoundException'{0x00000000a6991e28}> (0x00000000a6991e28) 
thrown [t:\workspace\open\src\hotspot\share\prims\jni.cpp, line 516]
Event: 0.174 Thread 0x0000020df9ffe150 Exception <a 'java/lang/NoSuchMethodError'{0x00000000a69d6028}: 'java.lang.Object java.lang.invoke.DirectMethodHandle$Holder.invokeStaticInit(java.lang.Object)'> (0x00000000a69d6028) 
thrown [t:\workspace\open\src\hotspot\share\interpreter\linkResolver.cpp, line 766]
Event: 0.261 Thread 0x0000020df9ffe150 Exception <a 'java/lang/NoSuchMethodError'{0x00000000a6897478}: 'void java.lang.invoke.DirectMethodHandle$Holder.invokeSpecial(java.lang.Object, java.lang.Object, java.lang.Object)'> (0x00000000a6897478) 
thrown [t:\workspace\open\src\hotspot\share\interpreter\linkResolver.cpp, line 766]
Event: 0.268 Thread 0x0000020df9ffe150 Exception <a 'java/lang/NoSuchMethodError'{0x00000000a68c1650}: 'java.lang.Object java.lang.invoke.DirectMethodHandle$Holder.newInvokeSpecial(java.lang.Object, java.lang.Object, java.lang.Object, java.lang.Object, java.lang.Object)'> (0x00000000a68c1650) 
thrown [t:\workspace\open\src\hotspot\share\interpreter\linkResolver.cpp, line 766]
Event: 0.270 Thread 0x0000020df9ffe150 Exception <a 'java/lang/NoSuchMethodError'{0x00000000a68cd018}: 'java.lang.Object java.lang.invoke.DirectMethodHandle$Holder.invokeStatic(java.lang.Object, int, java.lang.Object, java.lang.Object, java.lang.Object, java.lang.Object)'> (0x00000000a68cd018) 
thrown [t:\workspace\open\src\hotspot\share\interpreter\linkResolver.cpp, line 766]
Event: 0.274 Thread 0x0000020df9ffe150 Exception <a 'java/lang/NoSuchMethodError'{0x00000000a68f2a28}: 'java.lang.Object java.lang.invoke.DirectMethodHandle$Holder.invokeStatic(java.lang.Object, int, java.lang.Object)'> (0x00000000a68f2a28) 
thrown [t:\workspace\open\src\hotspot\share\interpreter\linkResolver.cpp, line 766]
Event: 0.294 Thread 0x0000020df9ffe150 Exception <a 'java/lang/ClassNotFoundException'{0x00000000a67aace0}: com/sun/swing/internal/plaf/metal/resources/spi/metalProvider> (0x00000000a67aace0) 
thrown [t:\workspace\open\src\hotspot\share\classfile\systemDictionary.cpp, line 256]
Event: 0.295 Thread 0x0000020df9ffe150 Exception <a 'java/lang/ClassNotFoundException'{0x00000000a67aeb88}: com/sun/swing/internal/plaf/basic/resources/spi/basicProvider> (0x00000000a67aeb88) 
thrown [t:\workspace\open\src\hotspot\share\classfile\systemDictionary.cpp, line 256]
Event: 0.363 Thread 0x0000020d9c811010 Exception <a 'java/lang/NoSuchMethodError'{0x00000000a6561ec0}: 'java.lang.Object java.lang.invoke.DirectMethodHandle$Holder.newInvokeSpecial(java.lang.Object, java.lang.Object, java.lang.Object, int, int, int, int, int)'> (0x00000000a6561ec0) 
thrown [t:\workspace\open\src\hotspot\share\interpreter\linkResolver.cpp, line 766]
Event: 1.069 Thread 0x0000020d9c811010 Implicit null exception at 0x0000020d8f2254b5 to 0x0000020d8f2262f8
Event: 1.431 Thread 0x0000020d97ae0a70 Exception <a 'java/lang/NoSuchMethodError'{0x00000000a5c707b8}: 'void java.lang.invoke.DirectMethodHandle$Holder.invokeVirtual(java.lang.Object, java.lang.Object)'> (0x00000000a5c707b8) 
thrown [t:\workspace\open\src\hotspot\share\interpreter\linkResolver.cpp, line 766]
Event: 1.448 Thread 0x0000020df9ffe150 Exception <a 'java/lang/NoSuchMethodError'{0x00000000a5c32fa8}: 'void java.lang.invoke.DirectMethodHandle$Holder.invokeStaticInit(java.lang.Object)'> (0x00000000a5c32fa8) 
thrown [t:\workspace\open\src\hotspot\share\interpreter\linkResolver.cpp, line 766]

VM Operations (20 events):
Event: 1.469 Executing VM operation: HandshakeAllThreads done
Event: 1.502 Executing VM operation: HandshakeAllThreads
Event: 1.503 Executing VM operation: HandshakeAllThreads done
Event: 1.518 Executing VM operation: HandshakeAllThreads
Event: 1.518 Executing VM operation: HandshakeAllThreads done
Event: 2.529 Executing VM operation: Cleanup
Event: 2.529 Executing VM operation: Cleanup done
Event: 6.561 Executing VM operation: Cleanup
Event: 6.561 Executing VM operation: Cleanup done
Event: 584.816 Executing VM operation: Cleanup
Event: 584.823 Executing VM operation: Cleanup done
Event: 893.057 Executing VM operation: Cleanup
Event: 893.057 Executing VM operation: Cleanup done
Event: 1228.291 Executing VM operation: Cleanup
Event: 1228.292 Executing VM operation: Cleanup done
Event: 1559.002 Executing VM operation: Cleanup
Event: 1559.024 Executing VM operation: Cleanup done
Event: 1559.193 Executing VM operation: G1TryInitiateConcMark
Event: 1559.267 Executing VM operation: G1TryInitiateConcMark done
Event: 1560.184 Executing VM operation: G1Concurrent

Events (20 events):
Event: 1.644 loading class java/util/concurrent/locks/AbstractQueuedSynchronizer$Node done
Event: 1.644 loading class java/util/concurrent/locks/AbstractQueuedSynchronizer$ExclusiveNode done
Event: 1.668 loading class java/util/concurrent/locks/AbstractQueuedSynchronizer$ConditionNode
Event: 1.668 loading class java/util/concurrent/ForkJoinPool$ManagedBlocker
Event: 1.668 loading class java/util/concurrent/ForkJoinPool$ManagedBlocker done
Event: 1.668 loading class java/util/concurrent/locks/AbstractQueuedSynchronizer$ConditionNode done
Event: 5.993 Thread 0x0000020d979787b0 Thread exited: 0x0000020d979787b0
Event: 6.406 Thread 0x0000020d9c811010 Thread exited: 0x0000020d9c811010
Event: 6.841 loading class java/awt/LightweightDispatcher$2
Event: 6.841 loading class java/awt/LightweightDispatcher$2 done
Event: 8.360 loading class java/awt/KeyboardFocusManager$2
Event: 8.360 loading class java/awt/KeyboardFocusManager$2 done
Event: 8.360 loading class sun/awt/SunToolkit$1
Event: 8.361 loading class sun/awt/SunToolkit$1 done
Event: 1558.156 loading class java/util/WeakHashMap$KeyIterator
Event: 1558.163 loading class java/util/WeakHashMap$HashIterator
Event: 1558.164 loading class java/util/WeakHashMap$HashIterator done
Event: 1558.164 loading class java/util/WeakHashMap$KeyIterator done
Event: 1559.132 loading class javax/swing/RepaintManager$DisplayChangedRunnable
Event: 1559.170 loading class javax/swing/RepaintManager$DisplayChangedRunnable done


Dynamic libraries:
0x00007ff736c70000 - 0x00007ff736c7e000 	C:\Program Files\Java\jdk-17.0.1\bin\java.exe
0x00007ffcfcbe0000 - 0x00007ffcfcde9000 	C:\WINDOWS\SYSTEM32\ntdll.dll
0x00007ffcfb710000 - 0x00007ffcfb7cd000 	C:\WINDOWS\System32\KERNEL32.DLL
0x00007ffcfa590000 - 0x00007ffcfa904000 	C:\WINDOWS\System32\KERNELBASE.dll
0x00007ffcfa140000 - 0x00007ffcfa251000 	C:\WINDOWS\System32\ucrtbase.dll
0x00007ffced770000 - 0x00007ffced78a000 	C:\Program Files\Java\jdk-17.0.1\bin\VCRUNTIME140.dll
0x00007ffcec750000 - 0x00007ffcec768000 	C:\Program Files\Java\jdk-17.0.1\bin\jli.dll
0x00007ffcfc250000 - 0x00007ffcfc3fc000 	C:\WINDOWS\System32\USER32.dll
0x00007ffcfa4c0000 - 0x00007ffcfa4e6000 	C:\WINDOWS\System32\win32u.dll
0x00007ffcee450000 - 0x00007ffcee6f5000 	C:\WINDOWS\WinSxS\amd64_microsoft.windows.common-controls_6595b64144ccf1df_6.0.22000.120_none_9d947278b86cc467\COMCTL32.dll
0x00007ffcfb670000 - 0x00007ffcfb699000 	C:\WINDOWS\System32\GDI32.dll
0x00007ffcfb400000 - 0x00007ffcfb4a3000 	C:\WINDOWS\System32\msvcrt.dll
0x00007ffcfa3a0000 - 0x00007ffcfa4b2000 	C:\WINDOWS\System32\gdi32full.dll
0x00007ffcfa4f0000 - 0x00007ffcfa58d000 	C:\WINDOWS\System32\msvcp_win.dll
0x00007ffcfab70000 - 0x00007ffcfaba1000 	C:\WINDOWS\System32\IMM32.DLL
0x00007ffcecf70000 - 0x00007ffcecf7c000 	C:\Program Files\Java\jdk-17.0.1\bin\vcruntime140_1.dll
0x00007ffcc7820000 - 0x00007ffcc78ad000 	C:\Program Files\Java\jdk-17.0.1\bin\msvcp140.dll
0x00007ffca7b80000 - 0x00007ffca873e000 	C:\Program Files\Java\jdk-17.0.1\bin\server\jvm.dll
0x00007ffcfb4b0000 - 0x00007ffcfb55e000 	C:\WINDOWS\System32\ADVAPI32.dll
0x00007ffcfc6d0000 - 0x00007ffcfc76e000 	C:\WINDOWS\System32\sechost.dll
0x00007ffcfc940000 - 0x00007ffcfca60000 	C:\WINDOWS\System32\RPCRT4.dll
0x00007ffcfbfa0000 - 0x00007ffcfbfa8000 	C:\WINDOWS\System32\PSAPI.DLL
0x00007ffcf3ef0000 - 0x00007ffcf3f23000 	C:\WINDOWS\SYSTEM32\WINMM.dll
0x00007ffced760000 - 0x00007ffced769000 	C:\WINDOWS\SYSTEM32\WSOCK32.dll
0x00007ffcf2970000 - 0x00007ffcf297a000 	C:\WINDOWS\SYSTEM32\VERSION.dll
0x00007ffcfc480000 - 0x00007ffcfc4ef000 	C:\WINDOWS\System32\WS2_32.dll
0x00007ffcf91d0000 - 0x00007ffcf91e8000 	C:\WINDOWS\SYSTEM32\kernel.appcore.dll
0x00007ffcecf60000 - 0x00007ffcecf6a000 	C:\Program Files\Java\jdk-17.0.1\bin\jimage.dll
0x00007ffcf7b20000 - 0x00007ffcf7d41000 	C:\WINDOWS\SYSTEM32\DBGHELP.DLL
0x00007ffce6d40000 - 0x00007ffce6d71000 	C:\WINDOWS\SYSTEM32\dbgcore.DLL
0x00007ffcfa320000 - 0x00007ffcfa39f000 	C:\WINDOWS\System32\bcryptPrimitives.dll
0x00007ffce6ce0000 - 0x00007ffce6d05000 	C:\Program Files\Java\jdk-17.0.1\bin\java.dll
0x00007ffce6c00000 - 0x00007ffce6cd6000 	C:\Program Files\Java\jdk-17.0.1\bin\svml.dll
0x00007ffcfb7d0000 - 0x00007ffcfbf7f000 	C:\WINDOWS\System32\SHELL32.dll
0x00007ffcf8240000 - 0x00007ffcf8aa8000 	C:\WINDOWS\SYSTEM32\windows.storage.dll
0x00007ffcfb080000 - 0x00007ffcfb3f8000 	C:\WINDOWS\System32\combase.dll
0x00007ffcf80d0000 - 0x00007ffcf8236000 	C:\WINDOWS\SYSTEM32\wintypes.dll
0x00007ffcfaa80000 - 0x00007ffcfab6a000 	C:\WINDOWS\System32\SHCORE.dll
0x00007ffcfb020000 - 0x00007ffcfb07d000 	C:\WINDOWS\System32\shlwapi.dll
0x00007ffcfa000000 - 0x00007ffcfa021000 	C:\WINDOWS\SYSTEM32\profapi.dll
0x00007ffce6be0000 - 0x00007ffce6bf9000 	C:\Program Files\Java\jdk-17.0.1\bin\net.dll
0x00007ffcf3050000 - 0x00007ffcf315c000 	C:\WINDOWS\SYSTEM32\WINHTTP.dll
0x00007ffcf9600000 - 0x00007ffcf9667000 	C:\WINDOWS\system32\mswsock.dll
0x00007ffce6bc0000 - 0x00007ffce6bd5000 	C:\Program Files\Java\jdk-17.0.1\bin\nio.dll
0x00007ffcd8180000 - 0x00007ffcd8198000 	C:\Program Files\Java\jdk-17.0.1\bin\zip.dll
0x00007ffcc4120000 - 0x00007ffcc42ae000 	C:\Program Files\Java\jdk-17.0.1\bin\awt.dll
0x00007ffcfc770000 - 0x00007ffcfc846000 	C:\WINDOWS\System32\OLEAUT32.dll
0x00007ffcf7170000 - 0x00007ffcf7201000 	C:\WINDOWS\SYSTEM32\apphelp.dll
0x00007ffcf76c0000 - 0x00007ffcf76ef000 	C:\WINDOWS\system32\DWMAPI.DLL
0x00007ffcf7320000 - 0x00007ffcf73cc000 	C:\WINDOWS\system32\uxtheme.dll
0x00007ffcc4010000 - 0x00007ffcc4111000 	C:\WINDOWS\system32\opengl32.dll
0x00007ffcd8150000 - 0x00007ffcd817d000 	C:\WINDOWS\SYSTEM32\GLU32.dll
0x00007ffcf7420000 - 0x00007ffcf7458000 	C:\WINDOWS\SYSTEM32\dxcore.dll
0x00007ffcfca80000 - 0x00007ffcfcb9e000 	C:\WINDOWS\System32\MSCTF.dll
0x00007ffcfc0b0000 - 0x00007ffcfc24a000 	C:\WINDOWS\System32\ole32.dll
0x00007ffcc4c40000 - 0x00007ffcc4de6000 	C:\WINDOWS\system32\d3d9.dll
0x00007ffcf1310000 - 0x00007ffcf14eb000 	C:\WINDOWS\System32\DriverStore\FileRepository\u0365656.inf_amd64_5926d42fa64b989d\B365142\aticfx64.dll
0x00007ffcc72a0000 - 0x00007ffcc72d3000 	C:\WINDOWS\System32\DriverStore\FileRepository\u0365656.inf_amd64_5926d42fa64b989d\B365142\atiu9p64.dll
0x00007ffcaf240000 - 0x00007ffcaff52000 	C:\WINDOWS\System32\DriverStore\FileRepository\u0365656.inf_amd64_5926d42fa64b989d\B365142\atiumd64.dll
0x00000000607b0000 - 0x000000006166d000 	C:\WINDOWS\System32\DriverStore\FileRepository\u0365656.inf_amd64_5926d42fa64b989d\B365142\atiumd6a.dll
0x00007ffcf9fa0000 - 0x00007ffcf9fed000 	C:\WINDOWS\SYSTEM32\POWRPROF.dll
0x00007ffcf9f80000 - 0x00007ffcf9f93000 	C:\WINDOWS\SYSTEM32\UMPDC.dll
0x00007ffceeea0000 - 0x00007ffceeed0000 	C:\WINDOWS\SYSTEM32\amdihk64.dll
0x00007ffcf56d0000 - 0x00007ffcf5714000 	C:\WINDOWS\SYSTEM32\directxdatabasehelper.dll
0x00007ffcf7580000 - 0x00007ffcf75b4000 	C:\WINDOWS\SYSTEM32\ntmarta.dll
0x00007ffcd72b0000 - 0x00007ffcd72dd000 	C:\Program Files\Java\jdk-17.0.1\bin\javajpeg.dll
0x00007ffcc7790000 - 0x00007ffcc7819000 	C:\Program Files\Java\jdk-17.0.1\bin\freetype.dll
0x00007ffcc3f60000 - 0x00007ffcc4008000 	C:\Program Files\Java\jdk-17.0.1\bin\fontmanager.dll
0x00007ffcde210000 - 0x00007ffcde33d000 	C:\WINDOWS\SYSTEM32\textinputframework.dll
0x00007ffcf6e80000 - 0x00007ffcf6fb2000 	C:\WINDOWS\SYSTEM32\CoreMessaging.dll
0x00007ffcf4aa0000 - 0x00007ffcf4e0d000 	C:\WINDOWS\SYSTEM32\CoreUIComponents.dll
0x00007ffcf9860000 - 0x00007ffcf986c000 	C:\WINDOWS\SYSTEM32\CRYPTBASE.DLL
0x00007ffce0b40000 - 0x00007ffce0bee000 	C:\WINDOWS\SYSTEM32\TextShaping.dll

dbghelp: loaded successfully - version: 4.0.5 - missing functions: none
symbol engine: initialized successfully - sym options: 0x614 - pdb path: .;C:\Program Files\Java\jdk-17.0.1\bin;C:\WINDOWS\SYSTEM32;C:\WINDOWS\WinSxS\amd64_microsoft.windows.common-controls_6595b64144ccf1df_6.0.22000.120_none_9d947278b86cc467;C:\Program Files\Java\jdk-17.0.1\bin\server;C:\WINDOWS\System32\DriverStore\FileRepository\u0365656.inf_amd64_5926d42fa64b989d\B365142

VM Arguments:
jvm_args: -Dfile.encoding=UTF-8 --module-path=C:\Users\Zenia Banerjee\Documents\NetBeansProjects\ATM\build\classes 
java_command: atm.Transaction
java_class_path (initial): C:\Zenia\College\Project\ATM-Simulator-System-master\ATM-Simulator-System\jcalendar-tz-1.3.3-4.jar;C:\Zenia\College\Project\ATM-Simulator-System-master\ATM-Simulator-System\mysql-connector-java-8.0.28.jar;C:\Users\Zenia Banerjee\Documents\NetBeansProjects\ATM\build\classes
Launcher Type: SUN_STANDARD

[Global flags]
     intx CICompilerCount                          = 4                                         {product} {ergonomic}
     uint ConcGCThreads                            = 2                                         {product} {ergonomic}
     uint G1ConcRefinementThreads                  = 8                                         {product} {ergonomic}
   size_t G1HeapRegionSize                         = 1048576                                   {product} {ergonomic}
    uintx GCDrainStackTargetSize                   = 64                                        {product} {ergonomic}
   size_t InitialHeapSize                          = 100663296                                 {product} {ergonomic}
   size_t MarkStackSize                            = 4194304                                   {product} {ergonomic}
   size_t MaxHeapSize                              = 1598029824                                {product} {ergonomic}
   size_t MaxNewSize                               = 958398464                                 {product} {ergonomic}
   size_t MinHeapDeltaBytes                        = 1048576                                   {product} {ergonomic}
   size_t MinHeapSize                              = 8388608                                   {product} {ergonomic}
    uintx NonNMethodCodeHeapSize                   = 5839372                                {pd product} {ergonomic}
    uintx NonProfiledCodeHeapSize                  = 122909434                              {pd product} {ergonomic}
    uintx ProfiledCodeHeapSize                     = 122909434                              {pd product} {ergonomic}
    uintx ReservedCodeCacheSize                    = 251658240                              {pd product} {ergonomic}
     bool SegmentedCodeCache                       = true                                      {product} {ergonomic}
   size_t SoftMaxHeapSize                          = 1598029824                             {manageable} {ergonomic}
     bool UseCompressedClassPointers               = true                           {product lp64_product} {ergonomic}
     bool UseCompressedOops                        = true                           {product lp64_product} {ergonomic}
     bool UseG1GC                                  = true                                      {product} {ergonomic}
     bool UseLargePagesIndividualAllocation        = false                                  {pd product} {ergonomic}

Logging:
Log output configuration:
 #0: stdout all=warning uptime,level,tags
 #1: stderr all=off uptime,level,tags

Environment Variables:
JAVA_HOME=C:\Program Files\Java\jdk-17.0.1
PATH=%INTEL_DEV_REDIST%redist\intel64\compiler;C:\Program Files (x86)\Common Files\Oracle\Java\javapath;C:\ProgramData\Oracle\Java\javapath;C:\WINDOWS\system32;C:\WINDOWS;C:\WINDOWS\System32\Wbem;C:\WINDOWS\System32\WindowsPowerShell\v1.0\;C:\WINDOWS\System32\OpenSSH\;C:\Program Files\Intel\WiFi\bin\;C:\Program Files\Common Files\Intel\WirelessCommon\;C:\Program Files\Xilinx\bin\nt64;C:\Program Files\Java\jdk1.7.0_80\bin;C:\Program Files\MySQL\MySQL Shell 8.0\bin\;C:\Users\Zenia Banerjee\AppData\Local\Programs\Python\Python36\Scripts\;C:\Users\Zenia Banerjee\AppData\Local\Programs\Python\Python36\;C:\Users\Zenia Banerjee\AppData\Local\Microsoft\WindowsApps;C:\Users\Zenia Banerjee\AppData\Local\atom\bin;C:\Program Files\JetBrains\PyCharm Community Edition 2020.2\bin;;C:\Users\Zenia Banerjee\AppData\Local\Microsoft\WindowsApps;C:\modeltech_6.5\win32;C:\modeltech64_2020.4\win64;C:\Users\Zenia Banerjee\AppData\Local\Programs\Microsoft VS Code\bin;C:\Program Files\Java\jdk-17.0.1;C:\Program Files\Java\jdk-17.0.1\bin;
USERNAME=Zenia Banerjee
OS=Windows_NT
PROCESSOR_IDENTIFIER=AMD64 Family 23 Model 24 Stepping 1, AuthenticAMD



---------------  S Y S T E M  ---------------

OS:
 Windows 10 , 64 bit Build 22000 (10.0.22000.613)
OS uptime: 0 days 1:39 hours

CPU: total 8 (initial active 8) (8 cores per cpu, 2 threads per core) family 23 model 24 stepping 1 microcode 0x0, cx8, cmov, fxsr, ht, mmx, 3dnowpref, sse, sse2, sse3, ssse3, sse4a, sse4.1, sse4.2, popcnt, lzcnt, tsc, tscinvbit, avx, avx2, aes, clmul, bmi1, bmi2, adx, sha, fma, vzeroupper, clflush, clflushopt

Memory: 4k page, system-wide physical 6091M (184M free)
TotalPageFile size 24523M (AvailPageFile size 35M)
current process WorkingSet (physical memory assigned to process): 43M, peak: 337M
current process commit charge ("private bytes"): 320M, peak: 410M

vm_info: OpenJDK 64-Bit Server VM (17.0.1+12-39) for windows-amd64 JRE (17.0.1+12-39), built on Sep 27 2021 18:39:29 by "mach5one" with MS VC++ 16.8 (VS2019)

END.
