#
# There is insufficient memory for the Java Runtime Environment to continue.
# Native memory allocation (mmap) failed to map 100663296 bytes for G1 virtual space
# Possible reasons:
#   The system is out of physical RAM or swap space
#   The process is running with CompressedOops enabled, and the Java Heap may be blocking the growth of the native heap
# Possible solutions:
#   Reduce memory load on the system
#   Increase physical memory or swap space
#   Check if swap backing store is full
#   Decrease Java heap size (-Xmx/-Xms)
#   Decrease number of Java threads
#   Decrease Java thread stack sizes (-Xss)
#   Set larger code cache with -XX:ReservedCodeCacheSize=
#   JVM is running with Unscaled Compressed Oops mode in which the Java heap is
#     placed in the first 4GB address space. The Java Heap base address is the
#     maximum limit for the native heap growth. Please use -XX:HeapBaseMinAddress
#     to set the Java Heap base and to place the Java Heap above 4GB virtual address.
# This output file may be truncated or incomplete.
#
#  Out of Memory Error (os_windows.cpp:3469), pid=1328, tid=18668
#
# JRE version:  (17.0.1+12) (build )
# Java VM: OpenJDK 64-Bit Server VM (17.0.1+12-39, mixed mode, sharing, tiered, compressed oops, compressed class ptrs, g1 gc, windows-amd64)
# No core dump will be written. Minidumps are not enabled by default on client versions of Windows
#

---------------  S U M M A R Y ------------

Command Line: -Dfile.encoding=UTF-8 --module-path=C:\Users\Zenia Banerjee\Documents\NetBeansProjects\ATM\build\classes atm.Transaction

Host: AMD Ryzen 5 3500U with Radeon Vega Mobile Gfx  , 8 cores, 5G,  Windows 10 , 64 bit Build 22000 (10.0.22000.613)
Time: Tue May 10 18:34:53 2022 India Standard Time elapsed time: 0.025675 seconds (0d 0h 0m 0s)

---------------  T H R E A D  ---------------

Current thread (0x00000163734c06b0):  JavaThread "Unknown thread" [_thread_in_vm, id=18668, stack(0x000000200d700000,0x000000200d800000)]

Stack: [0x000000200d700000,0x000000200d800000]
Native frames: (J=compiled Java code, j=interpreted, Vv=VM code, C=native code)
V  [jvm.dll+0x66fa1a]
V  [jvm.dll+0x7ce5a4]
V  [jvm.dll+0x7cfd4e]
V  [jvm.dll+0x7d03b3]
V  [jvm.dll+0x242b05]
V  [jvm.dll+0x66ca39]
V  [jvm.dll+0x661502]
V  [jvm.dll+0x30081b]
V  [jvm.dll+0x307da6]
V  [jvm.dll+0x357a1e]
V  [jvm.dll+0x357c4f]
V  [jvm.dll+0x2d7ad8]
V  [jvm.dll+0x2d8a44]
V  [jvm.dll+0x7a01e1]
V  [jvm.dll+0x365791]
V  [jvm.dll+0x77f6cc]
V  [jvm.dll+0x3e812f]
V  [jvm.dll+0x3e9bd1]
C  [jli.dll+0x527b]
C  [ucrtbase.dll+0x26c0c]
C  [KERNEL32.DLL+0x154e0]
C  [ntdll.dll+0x485b]


---------------  P R O C E S S  ---------------

Threads class SMR info:
_java_thread_list=0x00007ffcc5df7818, length=0, elements={
}

Java Threads: ( => current thread )

Other Threads:
  0x00000163734f9a90 GCTaskThread "GC Thread#0" [stack: 0x000000200d800000,0x000000200d900000] [id=21328]
  0x0000016373506660 ConcurrentGCThread "G1 Main Marker" [stack: 0x000000200d900000,0x000000200da00000] [id=8780]
  0x0000016373506e80 ConcurrentGCThread "G1 Conc#0" [stack: 0x000000200da00000,0x000000200db00000] [id=3164]

[error occurred during error reporting (printing all threads), id 0xc0000005, EXCEPTION_ACCESS_VIOLATION (0xc0000005) at pc=0x00007ffcc56484b7]

VM state: not at safepoint (not fully initialized)

VM Mutex/Monitor currently owned by a thread:  ([mutex/lock_event])
[0x00000163734bbde0] Heap_lock - owner thread: 0x00000163734c06b0

Heap address: 0x00000000a0c00000, size: 1524 MB, Compressed Oops mode: 32-bit

CDS archive(s) mapped at: [0x0000000000000000-0x0000000000000000-0x0000000000000000), size 0, SharedBaseAddress: 0x0000000800000000, ArchiveRelocationMode: 0.
Narrow klass base: 0x0000000000000000, Narrow klass shift: 0, Narrow klass range: 0x0

GC Precious Log:
<Empty>

Heap:
 garbage-first heap   total 0K, used 0K [0x00000000a0c00000, 0x0000000100000000)
  region size 1024K, 0 young (0K), 0 survivors (0K)

[error occurred during error reporting (printing heap information), id 0xc0000005, EXCEPTION_ACCESS_VIOLATION (0xc0000005) at pc=0x00007ffcc5a28d89]

GC Heap History (0 events):
No events

Deoptimization events (0 events):
No events

Classes unloaded (0 events):
No events

Classes redefined (0 events):
No events

Internal exceptions (0 events):
No events

VM Operations (0 events):
No events

Events (1 events):
Event: 0.016 Loaded shared library C:\Program Files\Java\jdk-17.0.1\bin\java.dll


Dynamic libraries:
0x00007ff736c70000 - 0x00007ff736c7e000 	C:\Program Files\Java\jdk-17.0.1\bin\java.exe
0x00007ffcfcbe0000 - 0x00007ffcfcde9000 	C:\WINDOWS\SYSTEM32\ntdll.dll
0x00007ffcfb710000 - 0x00007ffcfb7cd000 	C:\WINDOWS\System32\KERNEL32.DLL
0x00007ffcfa590000 - 0x00007ffcfa904000 	C:\WINDOWS\System32\KERNELBASE.dll
0x00007ffcfa140000 - 0x00007ffcfa251000 	C:\WINDOWS\System32\ucrtbase.dll
0x00007ffcdf790000 - 0x00007ffcdf7a8000 	C:\Program Files\Java\jdk-17.0.1\bin\jli.dll
0x00007ffcee840000 - 0x00007ffcee85a000 	C:\Program Files\Java\jdk-17.0.1\bin\VCRUNTIME140.dll
0x00007ffcfc250000 - 0x00007ffcfc3fc000 	C:\WINDOWS\System32\USER32.dll
0x00007ffcfa4c0000 - 0x00007ffcfa4e6000 	C:\WINDOWS\System32\win32u.dll
0x00007ffcfb670000 - 0x00007ffcfb699000 	C:\WINDOWS\System32\GDI32.dll
0x00007ffcee450000 - 0x00007ffcee6f5000 	C:\WINDOWS\WinSxS\amd64_microsoft.windows.common-controls_6595b64144ccf1df_6.0.22000.120_none_9d947278b86cc467\COMCTL32.dll
0x00007ffcfa3a0000 - 0x00007ffcfa4b2000 	C:\WINDOWS\System32\gdi32full.dll
0x00007ffcfa4f0000 - 0x00007ffcfa58d000 	C:\WINDOWS\System32\msvcp_win.dll
0x00007ffcfb400000 - 0x00007ffcfb4a3000 	C:\WINDOWS\System32\msvcrt.dll
0x00007ffcfab70000 - 0x00007ffcfaba1000 	C:\WINDOWS\System32\IMM32.DLL
0x00007ffcf44d0000 - 0x00007ffcf44dc000 	C:\Program Files\Java\jdk-17.0.1\bin\vcruntime140_1.dll
0x00007ffcd1410000 - 0x00007ffcd149d000 	C:\Program Files\Java\jdk-17.0.1\bin\msvcp140.dll
0x00007ffcc5360000 - 0x00007ffcc5f1e000 	C:\Program Files\Java\jdk-17.0.1\bin\server\jvm.dll
0x00007ffcfb4b0000 - 0x00007ffcfb55e000 	C:\WINDOWS\System32\ADVAPI32.dll
0x00007ffcfc6d0000 - 0x00007ffcfc76e000 	C:\WINDOWS\System32\sechost.dll
0x00007ffcfc940000 - 0x00007ffcfca60000 	C:\WINDOWS\System32\RPCRT4.dll
0x00007ffcfbfa0000 - 0x00007ffcfbfa8000 	C:\WINDOWS\System32\PSAPI.DLL
0x00007ffcf3ef0000 - 0x00007ffcf3f23000 	C:\WINDOWS\SYSTEM32\WINMM.dll
0x00007ffcf2970000 - 0x00007ffcf297a000 	C:\WINDOWS\SYSTEM32\VERSION.dll
0x00007ffcf5080000 - 0x00007ffcf5089000 	C:\WINDOWS\SYSTEM32\WSOCK32.dll
0x00007ffcfc480000 - 0x00007ffcfc4ef000 	C:\WINDOWS\System32\WS2_32.dll
0x00007ffcf91d0000 - 0x00007ffcf91e8000 	C:\WINDOWS\SYSTEM32\kernel.appcore.dll
0x00007ffcf44a0000 - 0x00007ffcf44aa000 	C:\Program Files\Java\jdk-17.0.1\bin\jimage.dll
0x00007ffcf7b20000 - 0x00007ffcf7d41000 	C:\WINDOWS\SYSTEM32\DBGHELP.DLL
0x00007ffce6d40000 - 0x00007ffce6d71000 	C:\WINDOWS\SYSTEM32\dbgcore.DLL
0x00007ffcfa320000 - 0x00007ffcfa39f000 	C:\WINDOWS\System32\bcryptPrimitives.dll
0x00007ffceaea0000 - 0x00007ffceaec5000 	C:\Program Files\Java\jdk-17.0.1\bin\java.dll

dbghelp: loaded successfully - version: 4.0.5 - missing functions: none
symbol engine: initialized successfully - sym options: 0x614 - pdb path: .;C:\Program Files\Java\jdk-17.0.1\bin;C:\WINDOWS\SYSTEM32;C:\WINDOWS\WinSxS\amd64_microsoft.windows.common-controls_6595b64144ccf1df_6.0.22000.120_none_9d947278b86cc467;C:\Program Files\Java\jdk-17.0.1\bin\server

VM Arguments:
jvm_args: -Dfile.encoding=UTF-8 --module-path=C:\Users\Zenia Banerjee\Documents\NetBeansProjects\ATM\build\classes 
java_command: atm.Transaction
java_class_path (initial): C:\Zenia\College\Project\ATM-Simulator-System-master\ATM-Simulator-System\jcalendar-tz-1.3.3-4.jar;C:\Zenia\College\Project\ATM-Simulator-System-master\ATM-Simulator-System\mysql-connector-java-8.0.28.jar;C:\Users\Zenia Banerjee\Documents\NetBeansProjects\ATM\build\classes
Launcher Type: SUN_STANDARD

[Global flags]
     intx CICompilerCount                          = 4                                         {product} {ergonomic}
     uint ConcGCThreads                            = 2                                         {product} {ergonomic}
     uint G1ConcRefinementThreads                  = 8                                         {product} {ergonomic}
   size_t G1HeapRegionSize                         = 1048576                                   {product} {ergonomic}
    uintx GCDrainStackTargetSize                   = 64                                        {product} {ergonomic}
   size_t InitialHeapSize                          = 100663296                                 {product} {ergonomic}
   size_t MarkStackSize                            = 4194304                                   {product} {ergonomic}
   size_t MaxHeapSize                              = 1598029824                                {product} {ergonomic}
   size_t MinHeapDeltaBytes                        = 1048576                                   {product} {ergonomic}
   size_t MinHeapSize                              = 8388608                                   {product} {ergonomic}
    uintx NonNMethodCodeHeapSize                   = 5839372                                {pd product} {ergonomic}
    uintx NonProfiledCodeHeapSize                  = 122909434                              {pd product} {ergonomic}
    uintx ProfiledCodeHeapSize                     = 122909434                              {pd product} {ergonomic}
    uintx ReservedCodeCacheSize                    = 251658240                              {pd product} {ergonomic}
     bool SegmentedCodeCache                       = true                                      {product} {ergonomic}
   size_t SoftMaxHeapSize                          = 1598029824                             {manageable} {ergonomic}
     bool UseCompressedClassPointers               = true                           {product lp64_product} {ergonomic}
     bool UseCompressedOops                        = true                           {product lp64_product} {ergonomic}
     bool UseG1GC                                  = true                                      {product} {ergonomic}
     bool UseLargePagesIndividualAllocation        = false                                  {pd product} {ergonomic}

Logging:
Log output configuration:
 #0: stdout all=warning uptime,level,tags
 #1: stderr all=off uptime,level,tags

Environment Variables:
JAVA_HOME=C:\Program Files\Java\jdk-17.0.1
PATH=%INTEL_DEV_REDIST%redist\intel64\compiler;C:\Program Files (x86)\Common Files\Oracle\Java\javapath;C:\ProgramData\Oracle\Java\javapath;C:\WINDOWS\system32;C:\WINDOWS;C:\WINDOWS\System32\Wbem;C:\WINDOWS\System32\WindowsPowerShell\v1.0\;C:\WINDOWS\System32\OpenSSH\;C:\Program Files\Intel\WiFi\bin\;C:\Program Files\Common Files\Intel\WirelessCommon\;C:\Program Files\Xilinx\bin\nt64;C:\Program Files\Java\jdk1.7.0_80\bin;C:\Program Files\MySQL\MySQL Shell 8.0\bin\;C:\Users\Zenia Banerjee\AppData\Local\Programs\Python\Python36\Scripts\;C:\Users\Zenia Banerjee\AppData\Local\Programs\Python\Python36\;C:\Users\Zenia Banerjee\AppData\Local\Microsoft\WindowsApps;C:\Users\Zenia Banerjee\AppData\Local\atom\bin;C:\Program Files\JetBrains\PyCharm Community Edition 2020.2\bin;;C:\Users\Zenia Banerjee\AppData\Local\Microsoft\WindowsApps;C:\modeltech_6.5\win32;C:\modeltech64_2020.4\win64;C:\Users\Zenia Banerjee\AppData\Local\Programs\Microsoft VS Code\bin;C:\Program Files\Java\jdk-17.0.1;C:\Program Files\Java\jdk-17.0.1\bin;
USERNAME=Zenia Banerjee
OS=Windows_NT
PROCESSOR_IDENTIFIER=AMD64 Family 23 Model 24 Stepping 1, AuthenticAMD



---------------  S Y S T E M  ---------------

OS:
 Windows 10 , 64 bit Build 22000 (10.0.22000.613)
OS uptime: 0 days 2:29 hours

CPU: total 8 (initial active 8) (8 cores per cpu, 2 threads per core) family 23 model 24 stepping 1 microcode 0x0, cx8, cmov, fxsr, ht, mmx, 3dnowpref, sse, sse2, sse3, ssse3, sse4a, sse4.1, sse4.2, popcnt, lzcnt, tsc, tscinvbit, avx, avx2, aes, clmul, bmi1, bmi2, adx, sha, fma, vzeroupper, clflush, clflushopt

Memory: 4k page, system-wide physical 6091M (147M free)
TotalPageFile size 24523M (AvailPageFile size 28M)
current process WorkingSet (physical memory assigned to process): 10M, peak: 10M
current process commit charge ("private bytes"): 59M, peak: 155M

vm_info: OpenJDK 64-Bit Server VM (17.0.1+12-39) for windows-amd64 JRE (17.0.1+12-39), built on Sep 27 2021 18:39:29 by "mach5one" with MS VC++ 16.8 (VS2019)

END.
