#
# There is insufficient memory for the Java Runtime Environment to continue.
# Native memory allocation (mmap) failed to map 100663296 bytes for G1 virtual space
# Possible reasons:
#   The system is out of physical RAM or swap space
#   The process is running with CompressedOops enabled, and the Java Heap may be blocking the growth of the native heap
# Possible solutions:
#   Reduce memory load on the system
#   Increase physical memory or swap space
#   Check if swap backing store is full
#   Decrease Java heap size (-Xmx/-Xms)
#   Decrease number of Java threads
#   Decrease Java thread stack sizes (-Xss)
#   Set larger code cache with -XX:ReservedCodeCacheSize=
#   JVM is running with Unscaled Compressed Oops mode in which the Java heap is
#     placed in the first 4GB address space. The Java Heap base address is the
#     maximum limit for the native heap growth. Please use -XX:HeapBaseMinAddress
#     to set the Java Heap base and to place the Java Heap above 4GB virtual address.
# This output file may be truncated or incomplete.
#
#  Out of Memory Error (os_windows.cpp:3469), pid=31960, tid=34820
#
# JRE version:  (17.0.1+12) (build )
# Java VM: OpenJDK 64-Bit Server VM (17.0.1+12-39, mixed mode, sharing, tiered, compressed oops, compressed class ptrs, g1 gc, windows-amd64)
# No core dump will be written. Minidumps are not enabled by default on client versions of Windows
#

---------------  S U M M A R Y ------------

Command Line: -Dfile.encoding=UTF-8 --module-path=C:\Users\Zenia Banerjee\Documents\NetBeansProjects\ATM\build\classes atm.SignupThree

Host: AMD Ryzen 5 3500U with Radeon Vega Mobile Gfx  , 8 cores, 5G,  Windows 10 , 64 bit Build 22000 (10.0.22000.613)
Time: Mon May  9 15:18:33 2022 India Standard Time elapsed time: 0.016188 seconds (0d 0h 0m 0s)

---------------  T H R E A D  ---------------

Current thread (0x0000027e0cb6e110):  JavaThread "Unknown thread" [_thread_in_vm, id=34820, stack(0x000000e2f3a00000,0x000000e2f3b00000)]

Stack: [0x000000e2f3a00000,0x000000e2f3b00000]
Native frames: (J=compiled Java code, j=interpreted, Vv=VM code, C=native code)
V  [jvm.dll+0x66fa1a]
V  [jvm.dll+0x7ce5a4]
V  [jvm.dll+0x7cfd4e]
V  [jvm.dll+0x7d03b3]
V  [jvm.dll+0x242b05]
V  [jvm.dll+0x66ca39]
V  [jvm.dll+0x661502]
V  [jvm.dll+0x30081b]
V  [jvm.dll+0x307da6]
V  [jvm.dll+0x357a1e]
V  [jvm.dll+0x357c4f]
V  [jvm.dll+0x2d7ad8]
V  [jvm.dll+0x2d8a44]
V  [jvm.dll+0x7a01e1]
V  [jvm.dll+0x365791]
V  [jvm.dll+0x77f6cc]
V  [jvm.dll+0x3e812f]
V  [jvm.dll+0x3e9bd1]
C  [jli.dll+0x527b]
C  [ucrtbase.dll+0x26c0c]
C  [KERNEL32.DLL+0x154e0]
C  [ntdll.dll+0x485b]


---------------  P R O C E S S  ---------------

Threads class SMR info:
_java_thread_list=0x00007ff8c9857818, length=0, elements={
}

Java Threads: ( => current thread )

Other Threads:
  0x0000027e0cba4c30 GCTaskThread "GC Thread#0" [stack: 0x000000e2f3b00000,0x000000e2f3c00000] [id=17520]
  0x0000027e0cbb2200 ConcurrentGCThread "G1 Main Marker" [stack: 0x000000e2f3c00000,0x000000e2f3d00000] [id=29840]
  0x0000027e0cbb2c10 ConcurrentGCThread "G1 Conc#0" [stack: 0x000000e2f3d00000,0x000000e2f3e00000] [id=35576]

[error occurred during error reporting (printing all threads), id 0xc0000005, EXCEPTION_ACCESS_VIOLATION (0xc0000005) at pc=0x00007ff8c90a84b7]

VM state: not at safepoint (not fully initialized)

VM Mutex/Monitor currently owned by a thread:  ([mutex/lock_event])
[0x0000027e0cb69db0] Heap_lock - owner thread: 0x0000027e0cb6e110

Heap address: 0x00000000a0c00000, size: 1524 MB, Compressed Oops mode: 32-bit

CDS archive(s) mapped at: [0x0000000000000000-0x0000000000000000-0x0000000000000000), size 0, SharedBaseAddress: 0x0000000800000000, ArchiveRelocationMode: 0.
Narrow klass base: 0x0000000000000000, Narrow klass shift: 0, Narrow klass range: 0x0

GC Precious Log:
<Empty>

Heap:
 garbage-first heap   total 0K, used 0K [0x00000000a0c00000, 0x0000000100000000)
  region size 1024K, 0 young (0K), 0 survivors (0K)

[error occurred during error reporting (printing heap information), id 0xc0000005, EXCEPTION_ACCESS_VIOLATION (0xc0000005) at pc=0x00007ff8c9488d89]

GC Heap History (0 events):
No events

Deoptimization events (0 events):
No events

Classes unloaded (0 events):
No events

Classes redefined (0 events):
No events

Internal exceptions (0 events):
No events

VM Operations (0 events):
No events

Events (1 events):
Event: 0.010 Loaded shared library C:\Program Files\Java\jdk-17.0.1\bin\java.dll


Dynamic libraries:
0x00007ff600b30000 - 0x00007ff600b3e000 	C:\Program Files\Java\jdk-17.0.1\bin\java.exe
0x00007ff9050a0000 - 0x00007ff9052a9000 	C:\WINDOWS\SYSTEM32\ntdll.dll
0x00007ff904390000 - 0x00007ff90444d000 	C:\WINDOWS\System32\KERNEL32.DLL
0x00007ff902630000 - 0x00007ff9029a4000 	C:\WINDOWS\System32\KERNELBASE.dll
0x00007ff902db0000 - 0x00007ff902ec1000 	C:\WINDOWS\System32\ucrtbase.dll
0x00007ff8fdf80000 - 0x00007ff8fdf9a000 	C:\Program Files\Java\jdk-17.0.1\bin\VCRUNTIME140.dll
0x00007ff8fe050000 - 0x00007ff8fe068000 	C:\Program Files\Java\jdk-17.0.1\bin\jli.dll
0x00007ff904eb0000 - 0x00007ff90505c000 	C:\WINDOWS\System32\USER32.dll
0x00007ff902c60000 - 0x00007ff902c86000 	C:\WINDOWS\System32\win32u.dll
0x00007ff904b10000 - 0x00007ff904b39000 	C:\WINDOWS\System32\GDI32.dll
0x00007ff8ee900000 - 0x00007ff8eeba5000 	C:\WINDOWS\WinSxS\amd64_microsoft.windows.common-controls_6595b64144ccf1df_6.0.22000.120_none_9d947278b86cc467\COMCTL32.dll
0x00007ff902c90000 - 0x00007ff902da2000 	C:\WINDOWS\System32\gdi32full.dll
0x00007ff903540000 - 0x00007ff9035e3000 	C:\WINDOWS\System32\msvcrt.dll
0x00007ff902590000 - 0x00007ff90262d000 	C:\WINDOWS\System32\msvcp_win.dll
0x00007ff904c40000 - 0x00007ff904c71000 	C:\WINDOWS\System32\IMM32.DLL
0x00007ff8fdf70000 - 0x00007ff8fdf7c000 	C:\Program Files\Java\jdk-17.0.1\bin\vcruntime140_1.dll
0x00007ff8f21e0000 - 0x00007ff8f226d000 	C:\Program Files\Java\jdk-17.0.1\bin\msvcp140.dll
0x00007ff8c8dc0000 - 0x00007ff8c997e000 	C:\Program Files\Java\jdk-17.0.1\bin\server\jvm.dll
0x00007ff904a60000 - 0x00007ff904b0e000 	C:\WINDOWS\System32\ADVAPI32.dll
0x00007ff9049c0000 - 0x00007ff904a5e000 	C:\WINDOWS\System32\sechost.dll
0x00007ff903210000 - 0x00007ff903330000 	C:\WINDOWS\System32\RPCRT4.dll
0x00007ff9031e0000 - 0x00007ff9031e8000 	C:\WINDOWS\System32\PSAPI.DLL
0x00007ff8fef50000 - 0x00007ff8fef59000 	C:\WINDOWS\SYSTEM32\WSOCK32.dll
0x00007ff8f9c10000 - 0x00007ff8f9c1a000 	C:\WINDOWS\SYSTEM32\VERSION.dll
0x00007ff904450000 - 0x00007ff9044bf000 	C:\WINDOWS\System32\WS2_32.dll
0x00007ff8fbbf0000 - 0x00007ff8fbc23000 	C:\WINDOWS\SYSTEM32\WINMM.dll
0x00007ff901690000 - 0x00007ff9016a8000 	C:\WINDOWS\SYSTEM32\kernel.appcore.dll
0x00007ff8fd800000 - 0x00007ff8fd80a000 	C:\Program Files\Java\jdk-17.0.1\bin\jimage.dll
0x00007ff8fffe0000 - 0x00007ff900201000 	C:\WINDOWS\SYSTEM32\DBGHELP.DLL
0x00007ff8ee8c0000 - 0x00007ff8ee8f1000 	C:\WINDOWS\SYSTEM32\dbgcore.DLL
0x00007ff9029b0000 - 0x00007ff902a2f000 	C:\WINDOWS\System32\bcryptPrimitives.dll
0x00007ff8f3be0000 - 0x00007ff8f3c05000 	C:\Program Files\Java\jdk-17.0.1\bin\java.dll

dbghelp: loaded successfully - version: 4.0.5 - missing functions: none
symbol engine: initialized successfully - sym options: 0x614 - pdb path: .;C:\Program Files\Java\jdk-17.0.1\bin;C:\WINDOWS\SYSTEM32;C:\WINDOWS\WinSxS\amd64_microsoft.windows.common-controls_6595b64144ccf1df_6.0.22000.120_none_9d947278b86cc467;C:\Program Files\Java\jdk-17.0.1\bin\server

VM Arguments:
jvm_args: -Dfile.encoding=UTF-8 --module-path=C:\Users\Zenia Banerjee\Documents\NetBeansProjects\ATM\build\classes 
java_command: atm.SignupThree
java_class_path (initial): C:\Zenia\College\Project\ATM-Simulator-System-master\ATM-Simulator-System\jcalendar-tz-1.3.3-4.jar;C:\Zenia\College\Project\ATM-Simulator-System-master\ATM-Simulator-System\mysql-connector-java-8.0.28.jar;C:\Users\Zenia Banerjee\Documents\NetBeansProjects\ATM\build\classes
Launcher Type: SUN_STANDARD

[Global flags]
     intx CICompilerCount                          = 4                                         {product} {ergonomic}
     uint ConcGCThreads                            = 2                                         {product} {ergonomic}
     uint G1ConcRefinementThreads                  = 8                                         {product} {ergonomic}
   size_t G1HeapRegionSize                         = 1048576                                   {product} {ergonomic}
    uintx GCDrainStackTargetSize                   = 64                                        {product} {ergonomic}
   size_t InitialHeapSize                          = 100663296                                 {product} {ergonomic}
   size_t MarkStackSize                            = 4194304                                   {product} {ergonomic}
   size_t MaxHeapSize                              = 1598029824                                {product} {ergonomic}
   size_t MinHeapDeltaBytes                        = 1048576                                   {product} {ergonomic}
   size_t MinHeapSize                              = 8388608                                   {product} {ergonomic}
    uintx NonNMethodCodeHeapSize                   = 5839372                                {pd product} {ergonomic}
    uintx NonProfiledCodeHeapSize                  = 122909434                              {pd product} {ergonomic}
    uintx ProfiledCodeHeapSize                     = 122909434                              {pd product} {ergonomic}
    uintx ReservedCodeCacheSize                    = 251658240                              {pd product} {ergonomic}
     bool SegmentedCodeCache                       = true                                      {product} {ergonomic}
   size_t SoftMaxHeapSize                          = 1598029824                             {manageable} {ergonomic}
     bool UseCompressedClassPointers               = true                           {product lp64_product} {ergonomic}
     bool UseCompressedOops                        = true                           {product lp64_product} {ergonomic}
     bool UseG1GC                                  = true                                      {product} {ergonomic}
     bool UseLargePagesIndividualAllocation        = false                                  {pd product} {ergonomic}

Logging:
Log output configuration:
 #0: stdout all=warning uptime,level,tags
 #1: stderr all=off uptime,level,tags

Environment Variables:
JAVA_HOME=C:\Program Files\Java\jdk-17.0.1
PATH=%INTEL_DEV_REDIST%redist\intel64\compiler;C:\Program Files (x86)\Common Files\Oracle\Java\javapath;C:\ProgramData\Oracle\Java\javapath;C:\WINDOWS\system32;C:\WINDOWS;C:\WINDOWS\System32\Wbem;C:\WINDOWS\System32\WindowsPowerShell\v1.0\;C:\WINDOWS\System32\OpenSSH\;C:\Program Files\Intel\WiFi\bin\;C:\Program Files\Common Files\Intel\WirelessCommon\;C:\Program Files\Xilinx\bin\nt64;C:\Program Files\Java\jdk1.7.0_80\bin;C:\Program Files\MySQL\MySQL Shell 8.0\bin\;C:\Users\Zenia Banerjee\AppData\Local\Programs\Python\Python36\Scripts\;C:\Users\Zenia Banerjee\AppData\Local\Programs\Python\Python36\;C:\Users\Zenia Banerjee\AppData\Local\Microsoft\WindowsApps;C:\Users\Zenia Banerjee\AppData\Local\atom\bin;C:\Program Files\JetBrains\PyCharm Community Edition 2020.2\bin;;C:\Users\Zenia Banerjee\AppData\Local\Microsoft\WindowsApps;C:\modeltech_6.5\win32;C:\modeltech64_2020.4\win64;C:\Users\Zenia Banerjee\AppData\Local\Programs\Microsoft VS Code\bin;C:\Program Files\Java\jdk-17.0.1;C:\Program Files\Java\jdk-17.0.1\bin;
USERNAME=Zenia Banerjee
OS=Windows_NT
PROCESSOR_IDENTIFIER=AMD64 Family 23 Model 24 Stepping 1, AuthenticAMD



---------------  S Y S T E M  ---------------

OS:
 Windows 10 , 64 bit Build 22000 (10.0.22000.613)
OS uptime: 4 days 0:15 hours

CPU: total 8 (initial active 8) (8 cores per cpu, 2 threads per core) family 23 model 24 stepping 1 microcode 0x0, cx8, cmov, fxsr, ht, mmx, 3dnowpref, sse, sse2, sse3, ssse3, sse4a, sse4.1, sse4.2, popcnt, lzcnt, tsc, tscinvbit, avx, avx2, aes, clmul, bmi1, bmi2, adx, sha, fma, vzeroupper, clflush, clflushopt

Memory: 4k page, system-wide physical 6091M (1079M free)
TotalPageFile size 24523M (AvailPageFile size 60M)
current process WorkingSet (physical memory assigned to process): 10M, peak: 10M
current process commit charge ("private bytes"): 59M, peak: 155M

vm_info: OpenJDK 64-Bit Server VM (17.0.1+12-39) for windows-amd64 JRE (17.0.1+12-39), built on Sep 27 2021 18:39:29 by "mach5one" with MS VC++ 16.8 (VS2019)

END.
